{"C:/Users/allis/cs329/jwt-pizza/src/icons.jsx":{"path":"C:/Users/allis/cs329/jwt-pizza/src/icons.jsx","statementMap":{"0":{"start":{"line":3,"column":2},"end":{"line":26,"column":4}},"1":{"start":{"line":29,"column":2},"end":{"line":45,"column":4}},"2":{"start":{"line":48,"column":2},"end":{"line":65,"column":4}},"3":{"start":{"line":68,"column":2},"end":{"line":88,"column":4}},"4":{"start":{"line":91,"column":2},"end":{"line":106,"column":4}},"5":{"start":{"line":109,"column":2},"end":{"line":125,"column":4}},"6":{"start":{"line":128,"column":2},"end":{"line":144,"column":4}},"7":{"start":{"line":147,"column":2},"end":{"line":163,"column":4}},"8":{"start":{"line":166,"column":2},"end":{"line":188,"column":4}},"9":{"start":{"line":191,"column":25},"end":{"line":191,"column":67}},"10":{"start":{"line":192,"column":2},"end":{"line":209,"column":4}},"11":{"start":{"line":212,"column":25},"end":{"line":212,"column":67}},"12":{"start":{"line":213,"column":2},"end":{"line":229,"column":4}},"13":{"start":{"line":232,"column":2},"end":{"line":246,"column":4}}},"fnMap":{"0":{"name":"TrashIcon","decl":{"start":{"line":2,"column":9},"end":{"line":2,"column":18}},"loc":{"start":{"line":2,"column":21},"end":{"line":27,"column":1}},"line":2},"1":{"name":"LocationIcon","decl":{"start":{"line":28,"column":9},"end":{"line":28,"column":21}},"loc":{"start":{"line":28,"column":24},"end":{"line":46,"column":1}},"line":28},"2":{"name":"CautionIcon","decl":{"start":{"line":47,"column":9},"end":{"line":47,"column":20}},"loc":{"start":{"line":47,"column":23},"end":{"line":66,"column":1}},"line":47},"3":{"name":"CloseEyeIcon","decl":{"start":{"line":67,"column":9},"end":{"line":67,"column":21}},"loc":{"start":{"line":67,"column":24},"end":{"line":89,"column":1}},"line":67},"4":{"name":"KeyIcon","decl":{"start":{"line":90,"column":9},"end":{"line":90,"column":16}},"loc":{"start":{"line":90,"column":19},"end":{"line":107,"column":1}},"line":90},"5":{"name":"PersonIcon","decl":{"start":{"line":108,"column":9},"end":{"line":108,"column":19}},"loc":{"start":{"line":108,"column":22},"end":{"line":126,"column":1}},"line":108},"6":{"name":"EmailIcon","decl":{"start":{"line":127,"column":9},"end":{"line":127,"column":18}},"loc":{"start":{"line":127,"column":21},"end":{"line":145,"column":1}},"line":127},"7":{"name":"HouseIcon","decl":{"start":{"line":146,"column":9},"end":{"line":146,"column":18}},"loc":{"start":{"line":146,"column":21},"end":{"line":164,"column":1}},"line":146},"8":{"name":"StoreIcon","decl":{"start":{"line":165,"column":9},"end":{"line":165,"column":18}},"loc":{"start":{"line":165,"column":21},"end":{"line":189,"column":1}},"line":165},"9":{"name":"HamburgerIcon","decl":{"start":{"line":190,"column":9},"end":{"line":190,"column":22}},"loc":{"start":{"line":190,"column":38},"end":{"line":210,"column":1}},"line":190},"10":{"name":"CloseIcon","decl":{"start":{"line":211,"column":9},"end":{"line":211,"column":18}},"loc":{"start":{"line":211,"column":34},"end":{"line":230,"column":1}},"line":211},"11":{"name":"GreaterThanIcon","decl":{"start":{"line":231,"column":9},"end":{"line":231,"column":24}},"loc":{"start":{"line":231,"column":27},"end":{"line":247,"column":1}},"line":231}},"branchMap":{},"s":{"0":0,"1":0,"2":0,"3":3,"4":3,"5":0,"6":3,"7":5,"8":0,"9":5,"10":5,"11":5,"12":5,"13":2},"f":{"0":0,"1":0,"2":0,"3":3,"4":3,"5":0,"6":3,"7":5,"8":0,"9":5,"10":5,"11":2},"b":{},"inputSourceMap":{"version":3,"sources":["C:/Users/allis/cs329/jwt-pizza/src/icons.jsx"],"mappings":"AAAA,OAAO,WAAW;AAElB,SAAS,YAAY;AACnB,SACE;AAAA,IAAC;AAAA;AAAA,MACC,WAAU;AAAA,MACV,OAAM;AAAA,MACN,OAAM;AAAA,MACN,QAAO;AAAA,MACP,SAAQ;AAAA,MACR,MAAK;AAAA,MACL,QAAO;AAAA,MACP,aAAY;AAAA,MACZ,eAAc;AAAA,MACd,gBAAe;AAAA;AAAA,IAEf;AAAA,MAAC;AAAA;AAAA,QACC,eAAc;AAAA,QACd,gBAAe;AAAA,QACf,GAAE;AAAA;AAAA,IACJ;AAAA,IAAG;AAAA,EACL;AAEJ;AAEA,SAAS,eAAe;AACtB,SACE;AAAA,IAAC;AAAA;AAAA,MACC,WAAU;AAAA,MACV,OAAM;AAAA,MACN,OAAM;AAAA,MACN,QAAO;AAAA,MACP,SAAQ;AAAA,MACR,MAAK;AAAA,MACL,QAAO;AAAA,MACP,aAAY;AAAA,MACZ,eAAc;AAAA,MACd,gBAAe;AAAA;AAAA,IAEf,oCAAC,UAAK,eAAc,SAAQ,gBAAe,SAAQ,GAAE,yCAAwC;AAAA,IAC7F,oCAAC,UAAK,eAAc,SAAQ,gBAAe,SAAQ,GAAE,kFAAiF;AAAA,EACxI;AAEJ;AAEA,SAAS,cAAc;AACrB,SACE;AAAA,IAAC;AAAA;AAAA,MACC,WAAU;AAAA,MACV,OAAM;AAAA,MACN,OAAM;AAAA,MACN,QAAO;AAAA,MACP,SAAQ;AAAA,MACR,MAAK;AAAA,MACL,QAAO;AAAA,MACP,aAAY;AAAA,MACZ,eAAc;AAAA,MACd,gBAAe;AAAA;AAAA,IAEf,oCAAC,UAAK,GAAE,6EAA4E;AAAA,IACpF,oCAAC,UAAK,GAAE,WAAU;AAAA,IAClB,oCAAC,UAAK,GAAE,cAAa;AAAA,EACvB;AAEJ;AAEA,SAAS,eAAe;AACtB,SACE;AAAA,IAAC;AAAA;AAAA,MACC,WAAU;AAAA,MACV,OAAM;AAAA,MACN,OAAM;AAAA,MACN,QAAO;AAAA,MACP,SAAQ;AAAA,MACR,MAAK;AAAA,MACL,QAAO;AAAA,MACP,aAAY;AAAA,MACZ,eAAc;AAAA,MACd,gBAAe;AAAA;AAAA,IAEf,oCAAC,UAAK,WAAU,6BAA4B,GAAE,kCAAiC;AAAA,IAC/E,oCAAC,UAAK,WAAU,6BAA4B,GAAE,gFAA+E;AAAA,IAC7H,oCAAC,UAAK,WAAU,6BAA4B,GAAE,0EAAyE;AAAA,IACvH,oCAAC,UAAK,WAAU,6BAA4B,IAAG,KAAI,IAAG,MAAK,IAAG,KAAI,IAAG,MAAK;AAAA,IAC1E,oCAAC,UAAK,WAAU,mCAAkC,GAAE,gDAA+C;AAAA,IACnG,oCAAC,YAAO,WAAU,mCAAkC,IAAG,MAAK,IAAG,MAAK,GAAE,KAAI;AAAA,EAC5E;AAEJ;AAEA,SAAS,UAAU;AACjB,SACE;AAAA,IAAC;AAAA;AAAA,MACC,WAAU;AAAA,MACV,OAAM;AAAA,MACN,OAAM;AAAA,MACN,QAAO;AAAA,MACP,SAAQ;AAAA,MACR,MAAK;AAAA,MACL,QAAO;AAAA,MACP,aAAY;AAAA,MACZ,eAAc;AAAA,MACd,gBAAe;AAAA;AAAA,IAEf,oCAAC,UAAK,GAAE,mNAAkN;AAAA,EAC5N;AAEJ;AAEA,SAAS,aAAa;AACpB,SACE;AAAA,IAAC;AAAA;AAAA,MACC,WAAU;AAAA,MACV,OAAM;AAAA,MACN,OAAM;AAAA,MACN,QAAO;AAAA,MACP,SAAQ;AAAA,MACR,MAAK;AAAA,MACL,QAAO;AAAA,MACP,aAAY;AAAA,MACZ,eAAc;AAAA,MACd,gBAAe;AAAA;AAAA,IAEf,oCAAC,UAAK,GAAE,6CAA4C;AAAA,IACpD,oCAAC,YAAO,IAAG,MAAK,IAAG,KAAI,GAAE,KAAI;AAAA,EAC/B;AAEJ;AAEA,SAAS,YAAY;AACnB,SACE;AAAA,IAAC;AAAA;AAAA,MACC,WAAU;AAAA,MACV,OAAM;AAAA,MACN,OAAM;AAAA,MACN,QAAO;AAAA,MACP,SAAQ;AAAA,MACR,MAAK;AAAA,MACL,QAAO;AAAA,MACP,aAAY;AAAA,MACZ,eAAc;AAAA,MACd,gBAAe;AAAA;AAAA,IAEf,oCAAC,UAAK,OAAM,MAAK,QAAO,MAAK,GAAE,KAAI,GAAE,KAAI,IAAG,KAAI;AAAA,IAChD,oCAAC,UAAK,GAAE,6CAA4C;AAAA,EACtD;AAEJ;AAEA,SAAS,YAAY;AACnB,SACE;AAAA,IAAC;AAAA;AAAA,MACC,WAAU;AAAA,MACV,OAAM;AAAA,MACN,OAAM;AAAA,MACN,QAAO;AAAA,MACP,SAAQ;AAAA,MACR,MAAK;AAAA,MACL,QAAO;AAAA,MACP,aAAY;AAAA,MACZ,eAAc;AAAA,MACd,gBAAe;AAAA;AAAA,IAEf,oCAAC,UAAK,GAAE,kDAAiD;AAAA,IACzD,oCAAC,cAAS,QAAO,yBAAwB;AAAA,EAC3C;AAEJ;AAEA,SAAS,YAAY;AACnB,SACE;AAAA,IAAC;AAAA;AAAA,MACC,WAAU;AAAA,MACV,OAAM;AAAA,MACN,OAAM;AAAA,MACN,QAAO;AAAA,MACP,SAAQ;AAAA,MACR,MAAK;AAAA,MACL,QAAO;AAAA,MACP,aAAY;AAAA,MACZ,eAAc;AAAA,MACd,gBAAe;AAAA;AAAA,IAEf;AAAA,MAAC;AAAA;AAAA,QACC,eAAc;AAAA,QACd,gBAAe;AAAA,QACf,GAAE;AAAA;AAAA,IACJ;AAAA,EACF;AAEJ;AAEA,SAAS,cAAc,EAAE,UAAU,GAAG;AACpC,QAAM,iBAAiB,+BAA+B,SAAS;AAE/D,SACE;AAAA,IAAC;AAAA;AAAA,MACC,WAAW;AAAA,MACX,OAAM;AAAA,MACN,OAAM;AAAA,MACN,QAAO;AAAA,MACP,SAAQ;AAAA,MACR,MAAK;AAAA,MACL,QAAO;AAAA,MACP,aAAY;AAAA,MACZ,eAAc;AAAA,MACd,gBAAe;AAAA;AAAA,IAEf,oCAAC,UAAK,IAAG,KAAI,IAAG,MAAK,IAAG,KAAI,IAAG,KAAI;AAAA,IACnC,oCAAC,UAAK,IAAG,KAAI,IAAG,MAAK,IAAG,MAAK,IAAG,MAAK;AAAA,IACrC,oCAAC,UAAK,IAAG,KAAI,IAAG,MAAK,IAAG,MAAK,IAAG,MAAK;AAAA,EACvC;AAEJ;AAEA,SAAS,UAAU,EAAE,UAAU,GAAG;AAChC,QAAM,iBAAiB,+BAA+B,SAAS;AAC/D,SACE;AAAA,IAAC;AAAA;AAAA,MACC,WAAW;AAAA,MACX,OAAM;AAAA,MACN,OAAM;AAAA,MACN,QAAO;AAAA,MACP,SAAQ;AAAA,MACR,MAAK;AAAA,MACL,QAAO;AAAA,MACP,aAAY;AAAA,MACZ,eAAc;AAAA,MACd,gBAAe;AAAA;AAAA,IAEf,oCAAC,UAAK,GAAE,cAAa;AAAA,IACrB,oCAAC,UAAK,GAAE,cAAa;AAAA,EACvB;AAEJ;AAEA,SAAS,kBAAkB;AACzB,SACE;AAAA,IAAC;AAAA;AAAA,MACC,WAAU;AAAA,MAEV,cAAW;AAAA,MACX,QAAO;AAAA,MACP,SAAQ;AAAA,MACR,MAAK;AAAA,MACL,QAAO;AAAA,MACP,aAAY;AAAA,MACZ,eAAc;AAAA,MACd,gBAAe;AAAA;AAAA,IAEf,oCAAC,UAAK,GAAE,iBAAgB;AAAA,EAC1B;AAEJ;AAEA,SAAS,WAAW,cAAc,SAAS,aAAa,cAAc,YAAY,WAAW,WAAW,WAAW,WAAW,eAAe;","names":[]},"_coverageSchema":"1a1c01bbd47fc00a2c39e90264f33305004495a9","hash":"cc5d0650b6fd1e7e0741d340020aba26442f60bd"},"C:/Users/allis/cs329/jwt-pizza/src/app/header.jsx":{"path":"C:/Users/allis/cs329/jwt-pizza/src/app/header.jsx","statementMap":{"0":{"start":{"line":6,"column":4},"end":{"line":6,"column":41}},"1":{"start":{"line":6,"column":36},"end":{"line":6,"column":39}},"2":{"start":{"line":9,"column":18},"end":{"line":9,"column":50}},"3":{"start":{"line":10,"column":4},"end":{"line":10,"column":106}},"4":{"start":{"line":12,"column":19},"end":{"line":12,"column":41}},"5":{"start":{"line":13,"column":2},"end":{"line":24,"column":567}},"6":{"start":{"line":23,"column":4},"end":{"line":23,"column":287}}},"fnMap":{"0":{"name":"Header","decl":{"start":{"line":4,"column":24},"end":{"line":4,"column":30}},"loc":{"start":{"line":4,"column":51},"end":{"line":25,"column":1}},"line":4},"1":{"name":"validateConstraints","decl":{"start":{"line":5,"column":11},"end":{"line":5,"column":30}},"loc":{"start":{"line":5,"column":44},"end":{"line":7,"column":3}},"line":5},"2":{"name":"(anonymous_2)","decl":{"start":{"line":6,"column":29},"end":{"line":6,"column":30}},"loc":{"start":{"line":6,"column":36},"end":{"line":6,"column":39}},"line":6},"3":{"name":"generateUserText","decl":{"start":{"line":8,"column":11},"end":{"line":8,"column":27}},"loc":{"start":{"line":8,"column":35},"end":{"line":11,"column":3}},"line":8},"4":{"name":"(anonymous_4)","decl":{"start":{"line":22,"column":333},"end":{"line":22,"column":334}},"loc":{"start":{"line":22,"column":343},"end":{"line":24,"column":3}},"line":22}},"branchMap":{"0":{"loc":{"start":{"line":9,"column":18},"end":{"line":9,"column":50}},"type":"binary-expr","locations":[{"start":{"line":9,"column":18},"end":{"line":9,"column":41}},{"start":{"line":9,"column":45},"end":{"line":9,"column":50}}],"line":9},"1":{"loc":{"start":{"line":10,"column":11},"end":{"line":10,"column":105}},"type":"cond-expr","locations":[{"start":{"line":10,"column":30},"end":{"line":10,"column":84}},{"start":{"line":10,"column":87},"end":{"line":10,"column":105}}],"line":10},"2":{"loc":{"start":{"line":23,"column":11},"end":{"line":23,"column":286}},"type":"binary-expr","locations":[{"start":{"line":23,"column":11},"end":{"line":23,"column":39}},{"start":{"line":23,"column":44},"end":{"line":23,"column":61}},{"start":{"line":23,"column":65},"end":{"line":23,"column":102}},{"start":{"line":23,"column":123},"end":{"line":23,"column":286}}],"line":23},"3":{"loc":{"start":{"line":24,"column":8},"end":{"line":24,"column":563}},"type":"binary-expr","locations":[{"start":{"line":24,"column":8},"end":{"line":24,"column":12}},{"start":{"line":24,"column":32},"end":{"line":24,"column":563}}],"line":24}},"s":{"0":25,"1":25,"2":5,"3":5,"4":5,"5":5,"6":90},"f":{"0":5,"1":25,"2":25,"3":5,"4":90},"b":{"0":[5,3],"1":[2,3],"2":[90,30,25,18],"3":[5,2]},"inputSourceMap":{"version":3,"sources":["C:/Users/allis/cs329/jwt-pizza/src/app/header.jsx"],"mappings":"AAAA,OAAO,WAAW;AAClB,SAAS,eAAe;AACxB,SAAS,eAAe,iBAAiB;AAEzC,wBAAwB,OAAO,EAAE,MAAM,SAAS,GAAG;AACjD,WAAS,oBAAoB,aAAa;AACxC,WAAO,YAAY,MAAM,CAAC,MAAM,EAAE,CAAC;AAAA,EACrC;AAEA,WAAS,iBAAiBA,OAAM;AAC9B,UAAM,QAAQA,OAAM,MAAM,MAAM,GAAG,KAAK,CAAC,GAAG;AAC5C,WAAO,MAAM,SAAS,IAAI,MAAM,CAAC,EAAE,OAAO,CAAC,IAAI,MAAM,MAAM,SAAS,CAAC,EAAE,OAAO,CAAC,IAAI,MAAM,CAAC,EAAE,OAAO,CAAC;AAAA,EACtG;AAEA,QAAM,WAAW,iBAAiB,IAAI;AACtC,SACE,oCAAC,SAAI,WAAU,eACb,oCAAC,YAAO,WAAU,oFAChB,oCAAC,SAAI,WAAU,gFAA+E,cAAW,YACvG,oCAAC,SAAI,WAAU,uCACb,oCAAC,SAAI,WAAU,YAAW,KAAI,sBAAqB,GACnD,oCAAC,UAAK,WAAU,kHAA+G,WAAS,GACxI,oCAAC,SAAI,WAAU,eACb;AAAA,IAAC;AAAA;AAAA,MACC,MAAK;AAAA,MACL,WAAU;AAAA,MACV,oBAAiB;AAAA;AAAA,IAEjB,oCAAC,iBAAc,WAAU,2BAA0B;AAAA,IACnD,oCAAC,aAAU,WAAU,iCAAgC;AAAA,EACvD,CACF,CACF,GACA,oCAAC,SAAI,IAAG,eAAc,WAAU,6FAC9B,oCAAC,SAAI,WAAU,yFACZ,SAAS,IAAI,CAAC,SAAS;AACtB,WACE,KAAK,QAAQ,SAAS,KAAK,MAC1B,CAAC,KAAK,eAAe,oBAAoB,KAAK,WAAW,MACxD,oCAAC,WAAQ,KAAK,KAAK,OAAO,WAAU,oDAAmD,IAAI,KAAK,GAAG,QAAQ,cAAc,EAAE,KACxH,KAAK,KACR;AAAA,EAGN,CAAC,CACH,CACF,GACC,QACC,oCAAC,WAAQ,WAAU,oDAAmD,IAAG,qBACvE,oCAAC,SAAI,WAAU,mDACb,oCAAC,SAAI,WAAU,0DACb,oCAAC,UAAK,WAAU,0HAAwH,QAAS,CACnJ,CACF,CACF,CAEJ,CACF,CACF;AAEJ;","names":["user"]},"_coverageSchema":"1a1c01bbd47fc00a2c39e90264f33305004495a9","hash":"21a3dbd521ff1ea805bb786dbcf62be7c4e99d73"},"C:/Users/allis/cs329/jwt-pizza/src/app/footer.jsx":{"path":"C:/Users/allis/cs329/jwt-pizza/src/app/footer.jsx","statementMap":{"0":{"start":{"line":4,"column":32},"end":{"line":4,"column":50}},"1":{"start":{"line":5,"column":2},"end":{"line":7,"column":9}},"2":{"start":{"line":6,"column":4},"end":{"line":6,"column":104}},"3":{"start":{"line":6,"column":46},"end":{"line":6,"column":61}},"4":{"start":{"line":6,"column":78},"end":{"line":6,"column":102}},"5":{"start":{"line":8,"column":2},"end":{"line":10,"column":173}},"6":{"start":{"line":9,"column":14},"end":{"line":9,"column":279}}},"fnMap":{"0":{"name":"Footer","decl":{"start":{"line":3,"column":24},"end":{"line":3,"column":30}},"loc":{"start":{"line":3,"column":45},"end":{"line":11,"column":1}},"line":3},"1":{"name":"(anonymous_1)","decl":{"start":{"line":5,"column":18},"end":{"line":5,"column":19}},"loc":{"start":{"line":5,"column":24},"end":{"line":7,"column":3}},"line":5},"2":{"name":"(anonymous_2)","decl":{"start":{"line":6,"column":32},"end":{"line":6,"column":33}},"loc":{"start":{"line":6,"column":46},"end":{"line":6,"column":61}},"line":6},"3":{"name":"(anonymous_3)","decl":{"start":{"line":6,"column":68},"end":{"line":6,"column":69}},"loc":{"start":{"line":6,"column":78},"end":{"line":6,"column":102}},"line":6},"4":{"name":"(anonymous_4)","decl":{"start":{"line":9,"column":4},"end":{"line":9,"column":5}},"loc":{"start":{"line":9,"column":14},"end":{"line":9,"column":279}},"line":9}},"branchMap":{"0":{"loc":{"start":{"line":9,"column":14},"end":{"line":9,"column":279}},"type":"binary-expr","locations":[{"start":{"line":9,"column":14},"end":{"line":9,"column":45}},{"start":{"line":9,"column":65},"end":{"line":9,"column":279}}],"line":9}},"s":{"0":6,"1":6,"2":1,"3":1,"4":1,"5":6,"6":108},"f":{"0":6,"1":1,"2":1,"3":1,"4":108},"b":{"0":[108,18]},"inputSourceMap":{"version":3,"sources":["C:/Users/allis/cs329/jwt-pizza/src/app/footer.jsx"],"mappings":"AAAA,OAAO,WAAW;AAClB,SAAS,eAAe;AAExB,wBAAwB,OAAO,EAAE,SAAS,GAAG;AAC3C,QAAM,CAAC,SAAS,UAAU,IAAI,MAAM,SAAS,EAAE;AAE/C,QAAM,UAAU,MAAM;AACpB,UAAM,eAAe,EAClB,KAAK,CAAC,aAAa,SAAS,KAAK,CAAC,EAClC,KAAK,CAAC,SAAS,WAAW,KAAK,OAAO,CAAC;AAAA,EAC5C,GAAG,CAAC,CAAC;AAEL,SACE,oCAAC,YAAO,WAAU,6BAChB,oCAAC,SAAI,WAAU,oDACb,oCAAC,SAAI,WAAU,4CACZ,SAAS;AAAA,IACR,CAAC,SACC,KAAK,QAAQ,SAAS,QAAQ,KAC5B,oCAAC,WAAQ,KAAK,KAAK,OAAO,WAAU,iIAAgI,IAAI,KAAK,MAC1K,KAAK,KACR;AAAA,EAEN,CACF,GACA,oCAAC,OAAE,WAAU,8CAA2C,wDAAqD,OAAQ,CACvH,CACF;AAEJ;","names":[]},"_coverageSchema":"1a1c01bbd47fc00a2c39e90264f33305004495a9","hash":"da59520d417e6697de994f7bf0793c3f8e6873d2"},"C:/Users/allis/cs329/jwt-pizza/src/views/view.jsx":{"path":"C:/Users/allis/cs329/jwt-pizza/src/views/view.jsx","statementMap":{"0":{"start":{"line":3,"column":2},"end":{"line":3,"column":612}}},"fnMap":{"0":{"name":"View","decl":{"start":{"line":2,"column":24},"end":{"line":2,"column":28}},"loc":{"start":{"line":2,"column":50},"end":{"line":4,"column":1}},"line":2}},"branchMap":{},"s":{"0":7},"f":{"0":7},"b":{},"inputSourceMap":{"version":3,"sources":["C:/Users/allis/cs329/jwt-pizza/src/views/view.jsx"],"mappings":"AAAA,OAAO,WAAW;AAElB,wBAAwB,KAAK,EAAE,OAAO,SAAS,GAAG;AAChD,SACE,0DACE,oCAAC,SAAI,WAAU,uEACb,oCAAC,aACC,oCAAC,SAAI,WAAU,+CACb,oCAAC,QAAG,WAAU,iDACZ,oCAAC,UAAK,WAAU,mFAAiF,KAAM,CACzG,CACF,GAEC,QACH,CACF,CACF;AAEJ;","names":[]},"_coverageSchema":"1a1c01bbd47fc00a2c39e90264f33305004495a9","hash":"590b1029ce651044e3b0a910e08ed0cd4d7b9f38"},"C:/Users/allis/cs329/jwt-pizza/src/components/card.jsx":{"path":"C:/Users/allis/cs329/jwt-pizza/src/components/card.jsx","statementMap":{"0":{"start":{"line":3,"column":2},"end":{"line":3,"column":889}}},"fnMap":{"0":{"name":"Card","decl":{"start":{"line":2,"column":24},"end":{"line":2,"column":28}},"loc":{"start":{"line":2,"column":60},"end":{"line":4,"column":1}},"line":2}},"branchMap":{},"s":{"0":0},"f":{"0":0},"b":{},"inputSourceMap":{"version":3,"sources":["C:/Users/allis/cs329/jwt-pizza/src/components/card.jsx"],"mappings":"AAAA,OAAO,WAAW;AAElB,wBAAwB,KAAK,EAAE,OAAO,aAAa,MAAM,GAAG;AAC1D,SACE,oCAAC,SAAI,WAAU,uBACb,oCAAC,OAAE,WAAU,4GAA2G,MAAK,OAC3H,oCAAC,SAAI,WAAU,4EACb,oCAAC,SAAI,WAAU,kIAAiI,KAAK,OAAO,KAAI,qBAAoB,CACtL,GACA,oCAAC,SAAI,WAAU,gBACb,oCAAC,QAAG,WAAU,qCAAmC,KAAM,GACvD,oCAAC,OAAE,WAAU,wBAAsB,WAAY,CACjD,CACF,CACF;AAEJ;","names":[]},"_coverageSchema":"1a1c01bbd47fc00a2c39e90264f33305004495a9","hash":"2449ecedebb85323d0075a8419f9e2200b6dfebb"},"C:/Users/allis/cs329/jwt-pizza/src/components/carousel.jsx":{"path":"C:/Users/allis/cs329/jwt-pizza/src/components/carousel.jsx","statementMap":{"0":{"start":{"line":3,"column":2},"end":{"line":9,"column":7}},"1":{"start":{"line":3,"column":537},"end":{"line":3,"column":618}},"2":{"start":{"line":3,"column":810},"end":{"line":9,"column":3}}},"fnMap":{"0":{"name":"Carousel","decl":{"start":{"line":2,"column":24},"end":{"line":2,"column":32}},"loc":{"start":{"line":2,"column":45},"end":{"line":10,"column":1}},"line":2},"1":{"name":"(anonymous_1)","decl":{"start":{"line":3,"column":503},"end":{"line":3,"column":504}},"loc":{"start":{"line":3,"column":537},"end":{"line":3,"column":618}},"line":3},"2":{"name":"(anonymous_2)","decl":{"start":{"line":3,"column":780},"end":{"line":3,"column":781}},"loc":{"start":{"line":3,"column":810},"end":{"line":9,"column":3}},"line":3}},"branchMap":{},"s":{"0":3,"1":12,"2":12},"f":{"0":3,"1":12,"2":12},"b":{},"inputSourceMap":{"version":3,"sources":["C:/Users/allis/cs329/jwt-pizza/src/components/carousel.jsx"],"mappings":"AAAA,OAAO,WAAW;AAElB,wBAAwB,SAAS,EAAE,OAAO,GAAG;AAC3C,SACE,oCAAC,SAAI,oBAAiB,sDAAqD,WAAU,8BACnF,oCAAC,SAAI,WAAU,gGACb,oCAAC,SAAI,WAAU,mHACZ,OAAO,IAAI,CAAC,OAAO,UAClB,oCAAC,SAAI,WAAU,qBAAoB,KAAK,SACrC,KACH,CACD,CACH,CACF,GAEA,oCAAC,SAAI,WAAU,0FACZ,OAAO,IAAI,CAAC,GAAG,UACd;AAAA,IAAC;AAAA;AAAA,MACC,KAAK;AAAA,MACL,WAAU;AAAA;AAAA,EACX,CACF,CACH,CACF;AAEJ;","names":[]},"_coverageSchema":"1a1c01bbd47fc00a2c39e90264f33305004495a9","hash":"aac320f44a603365fecf6b02c13468d27d5d891e"},"C:/Users/allis/cs329/jwt-pizza/src/components/quote.jsx":{"path":"C:/Users/allis/cs329/jwt-pizza/src/components/quote.jsx","statementMap":{"0":{"start":{"line":3,"column":2},"end":{"line":9,"column":304}}},"fnMap":{"0":{"name":"Quote","decl":{"start":{"line":2,"column":24},"end":{"line":2,"column":29}},"loc":{"start":{"line":2,"column":49},"end":{"line":10,"column":1}},"line":2}},"branchMap":{},"s":{"0":12},"f":{"0":12},"b":{},"inputSourceMap":{"version":3,"sources":["C:/Users/allis/cs329/jwt-pizza/src/components/quote.jsx"],"mappings":"AAAA,OAAO,WAAW;AAElB,wBAAwB,MAAM,EAAE,OAAO,OAAO,GAAG;AAC/C,SACE,oCAAC,gBAAW,WAAU,mBACpB,oCAAC,SAAI,WAAU,2DAA0D,OAAM,MAAK,QAAO,MAAK,SAAQ,aAAY,MAAK,QAAO,OAAM,8BAA6B,eAAY,UAC7K;AAAA,IAAC;AAAA;AAAA,MACC,GAAE;AAAA,MACF,MAAK;AAAA;AAAA,EACN,CACH,GAEA,oCAAC,SAAI,WAAU,mBACb,oCAAC,OAAE,WAAU,mBACX,oCAAC,YACE,OACD,oCAAC,UAAK,WAAU,mBAAgB,OAAI,MAAO,CAC7C,CACF,CACF,CACF;AAEJ;","names":[]},"_coverageSchema":"1a1c01bbd47fc00a2c39e90264f33305004495a9","hash":"baa4b7d4654e0861204c52fc34de39b5993dd832"},"C:/Users/allis/cs329/jwt-pizza/src/components/button.jsx":{"path":"C:/Users/allis/cs329/jwt-pizza/src/components/button.jsx","statementMap":{"0":{"start":{"line":3,"column":25},"end":{"line":3,"column":162}},"1":{"start":{"line":4,"column":2},"end":{"line":4,"column":157}}},"fnMap":{"0":{"name":"Button","decl":{"start":{"line":2,"column":24},"end":{"line":2,"column":30}},"loc":{"start":{"line":2,"column":88},"end":{"line":5,"column":1}},"line":2}},"branchMap":{"0":{"loc":{"start":{"line":2,"column":49},"end":{"line":2,"column":65}},"type":"default-arg","locations":[{"start":{"line":2,"column":60},"end":{"line":2,"column":65}}],"line":2},"1":{"loc":{"start":{"line":4,"column":73},"end":{"line":4,"column":101}},"type":"cond-expr","locations":[{"start":{"line":4,"column":82},"end":{"line":4,"column":90}},{"start":{"line":4,"column":93},"end":{"line":4,"column":101}}],"line":4}},"s":{"0":6,"1":6},"f":{"0":6},"b":{"0":[6],"1":[3,3]},"inputSourceMap":{"version":3,"sources":["C:/Users/allis/cs329/jwt-pizza/src/components/button.jsx"],"mappings":"AAAA,OAAO,WAAW;AAElB,wBAAwB,OAAO,EAAE,OAAO,SAAS,WAAW,OAAO,QAAQ,UAAU,GAAG;AACtF,QAAM,iBAAiB,8HAA8H,SAAS;AAC9J,SACE,oCAAC,YAAO,UAAoB,MAAM,SAAS,WAAW,UAAU,WAAW,gBAAgB,SAAS,WACjG,KACH;AAEJ;","names":[]},"_coverageSchema":"1a1c01bbd47fc00a2c39e90264f33305004495a9","hash":"dd67fba4bf085c77c32356d87ca7f3a986f25915"},"C:/Users/allis/cs329/jwt-pizza/src/views/home.jsx":{"path":"C:/Users/allis/cs329/jwt-pizza/src/views/home.jsx","statementMap":{"0":{"start":{"line":9,"column":19},"end":{"line":9,"column":32}},"1":{"start":{"line":11,"column":4},"end":{"line":11,"column":22}},"2":{"start":{"line":13,"column":2},"end":{"line":29,"column":2174}}},"fnMap":{"0":{"name":"Home","decl":{"start":{"line":8,"column":24},"end":{"line":8,"column":28}},"loc":{"start":{"line":8,"column":31},"end":{"line":30,"column":1}},"line":8},"1":{"name":"orderNow","decl":{"start":{"line":10,"column":11},"end":{"line":10,"column":19}},"loc":{"start":{"line":10,"column":22},"end":{"line":12,"column":3}},"line":10}},"branchMap":{},"s":{"0":3,"1":0,"2":3},"f":{"0":3,"1":0},"b":{},"inputSourceMap":{"version":3,"sources":["C:/Users/allis/cs329/jwt-pizza/src/views/home.jsx"],"mappings":"AAAA,OAAO,WAAW;AAClB,SAAS,mBAAmB;AAC5B,OAAO,UAAU;AACjB,OAAO,UAAU;AACjB,OAAO,cAAc;AACrB,OAAO,WAAW;AAClB,OAAO,YAAY;AAEnB,wBAAwB,OAAO;AAC7B,QAAM,WAAW,YAAY;AAE7B,WAAS,WAAW;AAClB,aAAS,OAAO;AAAA,EAClB;AAEA,SACE,oCAAC,QAAK,OAAM,0BACV,oCAAC,SAAI,WAAU,iDAAgD,OAAO,EAAE,iBAAiB,uBAAuB,GAAG,GACnH,oCAAC,SAAI,WAAU,kCACb,oCAAC,UAAO,OAAM,aAAY,SAAS,UAAU,GAE7C;AAAA,IAAC;AAAA;AAAA,MACC,QAAQ;AAAA,QACN,oCAAC,SAAM,OAAM,6CAA4C,QAAO,0BAAyB;AAAA,QACzF,oCAAC,SAAM,OAAM,iBAAgB,QAAO,aAAY;AAAA,QAChD,oCAAC,SAAM,OAAM,yBAAwB,QAAO,qBAAoB;AAAA,QAChE,oCAAC,SAAM,OAAM,8CAA6C,QAAO,4BAA2B;AAAA,MAC9F;AAAA;AAAA,EACF,CACF,GACA;AAAA,IAAC;AAAA;AAAA,MACC,WAAU;AAAA;AAAA,IAGX;AAAA,EAKD,GACA,oCAAC,SAAI,KAAI,sBAAqB,WAAU,gEAA+D,GACvG,oCAAC,OAAE,WAAU,2CAAwC,ojBAIrD,GACA,oCAAC,OAAE,WAAU,2CAAwC,8jBAKrD,GACA,oCAAC,OAAE,WAAU,2CAAwC,qkBAKrD,CACF;AAEJ;","names":[]},"_coverageSchema":"1a1c01bbd47fc00a2c39e90264f33305004495a9","hash":"70698a21ec10ca8c8c2b5df8e9f215df31bb94cb"},"C:/Users/allis/cs329/jwt-pizza/src/views/about.jsx":{"path":"C:/Users/allis/cs329/jwt-pizza/src/views/about.jsx","statementMap":{"0":{"start":{"line":4,"column":2},"end":{"line":60,"column":698}}},"fnMap":{"0":{"name":"About","decl":{"start":{"line":3,"column":24},"end":{"line":3,"column":29}},"loc":{"start":{"line":3,"column":32},"end":{"line":61,"column":1}},"line":3}},"branchMap":{},"s":{"0":0},"f":{"0":0},"b":{},"inputSourceMap":{"version":3,"sources":["C:/Users/allis/cs329/jwt-pizza/src/views/about.jsx"],"mappings":"AAAA,OAAO,WAAW;AAClB,OAAO,UAAU;AAEjB,wBAAwB,QAAQ;AAC9B,SACE,oCAAC,QAAK,OAAM,sBACV,oCAAC,SAAI,WAAU,0CACb,oCAAC,SAAI,KAAI,sBAAqB,WAAU,+DAA8D,GACtG,oCAAC,OAAE,WAAU,sNAAmN,4kBAKhO,GACA,oCAAC,OAAE,WAAU,qBAAkB,gmBAK/B,GAEA,oCAAC,QAAG,WAAU,yDAAsD,eAAa,GAEjF,oCAAC,OAAE,WAAU,qBAAkB,8oBAK/B,GACA,oCAAC,SAAI,WAAU,qBACb,oCAAC,SAAI,WAAU,6BACb;AAAA,IAAC;AAAA;AAAA,MACC,WAAU;AAAA,MACV,KAAI;AAAA,MACJ,KAAI;AAAA;AAAA,EACN,GACA;AAAA,IAAC;AAAA;AAAA,MACC,WAAU;AAAA,MACV,MAAK;AAAA;AAAA,IACN;AAAA,EAED,CACF,GACA,oCAAC,SAAI,WAAU,6BACb;AAAA,IAAC;AAAA;AAAA,MACC,WAAU;AAAA,MACV,KAAI;AAAA,MACJ,KAAI;AAAA;AAAA,EACN,GACA;AAAA,IAAC;AAAA;AAAA,MACC,WAAU;AAAA,MACV,MAAK;AAAA;AAAA,IACN;AAAA,EAED,CACF,GACA,oCAAC,SAAI,WAAU,6BACb;AAAA,IAAC;AAAA;AAAA,MACC,WAAU;AAAA,MACV,KAAI;AAAA,MACJ,KAAI;AAAA;AAAA,EACN,GACA;AAAA,IAAC;AAAA;AAAA,MACC,WAAU;AAAA,MACV,MAAK;AAAA;AAAA,IACN;AAAA,EAED,CACF,GACA,oCAAC,SAAI,WAAU,6BACb;AAAA,IAAC;AAAA;AAAA,MACC,WAAU;AAAA,MACV,KAAI;AAAA,MACJ,KAAI;AAAA;AAAA,EACN,GACA;AAAA,IAAC;AAAA;AAAA,MACC,WAAU;AAAA,MACV,MAAK;AAAA;AAAA,IACN;AAAA,EAED,CACF,CACF,GACA,oCAAC,OAAE,WAAU,qBAAkB,omBAK/B,CACF,CACF;AAEJ;","names":[]},"_coverageSchema":"1a1c01bbd47fc00a2c39e90264f33305004495a9","hash":"d9cbe0a369657978c354200e38cd718ef2f6e57c"},"C:/Users/allis/cs329/jwt-pizza/src/service/httpPizzaService.ts":{"path":"C:/Users/allis/cs329/jwt-pizza/src/service/httpPizzaService.ts","statementMap":{"0":{"start":{"line":1,"column":24},"end":{"line":1,"column":62}},"1":{"start":{"line":2,"column":24},"end":{"line":2,"column":62}},"2":{"start":{"line":5,"column":4},"end":{"line":34,"column":7}},"3":{"start":{"line":6,"column":6},"end":{"line":33,"column":7}},"4":{"start":{"line":7,"column":24},"end":{"line":13,"column":9}},"5":{"start":{"line":14,"column":26},"end":{"line":14,"column":55}},"6":{"start":{"line":15,"column":8},"end":{"line":17,"column":9}},"7":{"start":{"line":16,"column":10},"end":{"line":16,"column":67}},"8":{"start":{"line":18,"column":8},"end":{"line":20,"column":9}},"9":{"start":{"line":19,"column":10},"end":{"line":19,"column":46}},"10":{"start":{"line":21,"column":8},"end":{"line":23,"column":9}},"11":{"start":{"line":22,"column":10},"end":{"line":22,"column":40}},"12":{"start":{"line":24,"column":18},"end":{"line":24,"column":44}},"13":{"start":{"line":25,"column":18},"end":{"line":25,"column":32}},"14":{"start":{"line":26,"column":8},"end":{"line":30,"column":9}},"15":{"start":{"line":27,"column":10},"end":{"line":27,"column":21}},"16":{"start":{"line":29,"column":10},"end":{"line":29,"column":57}},"17":{"start":{"line":32,"column":8},"end":{"line":32,"column":50}},"18":{"start":{"line":37,"column":28},"end":{"line":37,"column":92}},"19":{"start":{"line":38,"column":4},"end":{"line":38,"column":55}},"20":{"start":{"line":39,"column":4},"end":{"line":39,"column":41}},"21":{"start":{"line":40,"column":4},"end":{"line":40,"column":33}},"22":{"start":{"line":43,"column":28},"end":{"line":43,"column":99}},"23":{"start":{"line":44,"column":4},"end":{"line":44,"column":55}},"24":{"start":{"line":45,"column":4},"end":{"line":45,"column":41}},"25":{"start":{"line":46,"column":4},"end":{"line":46,"column":33}},"26":{"start":{"line":49,"column":4},"end":{"line":54,"column":7}},"27":{"start":{"line":50,"column":6},"end":{"line":50,"column":53}},"28":{"start":{"line":51,"column":6},"end":{"line":51,"column":38}},"29":{"start":{"line":52,"column":6},"end":{"line":52,"column":39}},"30":{"start":{"line":53,"column":6},"end":{"line":53,"column":16}},"31":{"start":{"line":57,"column":4},"end":{"line":60,"column":7}},"32":{"start":{"line":58,"column":17},"end":{"line":58,"column":67}},"33":{"start":{"line":59,"column":6},"end":{"line":59,"column":27}},"34":{"start":{"line":63,"column":4},"end":{"line":63,"column":48}},"35":{"start":{"line":66,"column":4},"end":{"line":66,"column":43}},"36":{"start":{"line":69,"column":4},"end":{"line":69,"column":58}},"37":{"start":{"line":72,"column":4},"end":{"line":72,"column":85}},"38":{"start":{"line":75,"column":4},"end":{"line":75,"column":58}},"39":{"start":{"line":78,"column":4},"end":{"line":78,"column":66}},"40":{"start":{"line":81,"column":4},"end":{"line":81,"column":47}},"41":{"start":{"line":84,"column":4},"end":{"line":84,"column":73}},"42":{"start":{"line":87,"column":4},"end":{"line":87,"column":84}},"43":{"start":{"line":90,"column":4},"end":{"line":90,"column":91}},"44":{"start":{"line":93,"column":4},"end":{"line":95,"column":5}},"45":{"start":{"line":94,"column":6},"end":{"line":94,"column":62}},"46":{"start":{"line":96,"column":4},"end":{"line":96,"column":42}},"47":{"start":{"line":99,"column":25},"end":{"line":99,"column":47}}},"fnMap":{"0":{"name":"(anonymous_0)","decl":{"start":{"line":4,"column":2},"end":{"line":4,"column":3}},"loc":{"start":{"line":4,"column":49},"end":{"line":35,"column":3}},"line":4},"1":{"name":"(anonymous_1)","decl":{"start":{"line":5,"column":23},"end":{"line":5,"column":24}},"loc":{"start":{"line":5,"column":50},"end":{"line":34,"column":5}},"line":5},"2":{"name":"(anonymous_2)","decl":{"start":{"line":36,"column":2},"end":{"line":36,"column":3}},"loc":{"start":{"line":36,"column":31},"end":{"line":41,"column":3}},"line":36},"3":{"name":"(anonymous_3)","decl":{"start":{"line":42,"column":2},"end":{"line":42,"column":3}},"loc":{"start":{"line":42,"column":40},"end":{"line":47,"column":3}},"line":42},"4":{"name":"(anonymous_4)","decl":{"start":{"line":48,"column":2},"end":{"line":48,"column":3}},"loc":{"start":{"line":48,"column":17},"end":{"line":55,"column":3}},"line":48},"5":{"name":"(anonymous_5)","decl":{"start":{"line":49,"column":23},"end":{"line":49,"column":24}},"loc":{"start":{"line":49,"column":42},"end":{"line":54,"column":5}},"line":49},"6":{"name":"(anonymous_6)","decl":{"start":{"line":56,"column":2},"end":{"line":56,"column":3}},"loc":{"start":{"line":56,"column":18},"end":{"line":61,"column":3}},"line":56},"7":{"name":"(anonymous_7)","decl":{"start":{"line":57,"column":23},"end":{"line":57,"column":24}},"loc":{"start":{"line":57,"column":36},"end":{"line":60,"column":5}},"line":57},"8":{"name":"(anonymous_8)","decl":{"start":{"line":62,"column":2},"end":{"line":62,"column":3}},"loc":{"start":{"line":62,"column":18},"end":{"line":64,"column":3}},"line":62},"9":{"name":"(anonymous_9)","decl":{"start":{"line":65,"column":2},"end":{"line":65,"column":3}},"loc":{"start":{"line":65,"column":24},"end":{"line":67,"column":3}},"line":65},"10":{"name":"(anonymous_10)","decl":{"start":{"line":68,"column":2},"end":{"line":68,"column":3}},"loc":{"start":{"line":68,"column":21},"end":{"line":70,"column":3}},"line":68},"11":{"name":"(anonymous_11)","decl":{"start":{"line":71,"column":2},"end":{"line":71,"column":3}},"loc":{"start":{"line":71,"column":25},"end":{"line":73,"column":3}},"line":71},"12":{"name":"(anonymous_12)","decl":{"start":{"line":74,"column":2},"end":{"line":74,"column":3}},"loc":{"start":{"line":74,"column":27},"end":{"line":76,"column":3}},"line":74},"13":{"name":"(anonymous_13)","decl":{"start":{"line":77,"column":2},"end":{"line":77,"column":3}},"loc":{"start":{"line":77,"column":35},"end":{"line":79,"column":3}},"line":77},"14":{"name":"(anonymous_14)","decl":{"start":{"line":80,"column":2},"end":{"line":80,"column":3}},"loc":{"start":{"line":80,"column":24},"end":{"line":82,"column":3}},"line":80},"15":{"name":"(anonymous_15)","decl":{"start":{"line":83,"column":2},"end":{"line":83,"column":3}},"loc":{"start":{"line":83,"column":34},"end":{"line":85,"column":3}},"line":83},"16":{"name":"(anonymous_16)","decl":{"start":{"line":86,"column":2},"end":{"line":86,"column":3}},"loc":{"start":{"line":86,"column":38},"end":{"line":88,"column":3}},"line":86},"17":{"name":"(anonymous_17)","decl":{"start":{"line":89,"column":2},"end":{"line":89,"column":3}},"loc":{"start":{"line":89,"column":37},"end":{"line":91,"column":3}},"line":89},"18":{"name":"(anonymous_18)","decl":{"start":{"line":92,"column":2},"end":{"line":92,"column":3}},"loc":{"start":{"line":92,"column":22},"end":{"line":97,"column":3}},"line":92}},"branchMap":{"0":{"loc":{"start":{"line":4,"column":27},"end":{"line":4,"column":41}},"type":"default-arg","locations":[{"start":{"line":4,"column":36},"end":{"line":4,"column":41}}],"line":4},"1":{"loc":{"start":{"line":15,"column":8},"end":{"line":17,"column":9}},"type":"if","locations":[{"start":{"line":15,"column":8},"end":{"line":17,"column":9}},{"start":{},"end":{}}],"line":15},"2":{"loc":{"start":{"line":18,"column":8},"end":{"line":20,"column":9}},"type":"if","locations":[{"start":{"line":18,"column":8},"end":{"line":20,"column":9}},{"start":{},"end":{}}],"line":18},"3":{"loc":{"start":{"line":21,"column":8},"end":{"line":23,"column":9}},"type":"if","locations":[{"start":{"line":21,"column":8},"end":{"line":23,"column":9}},{"start":{},"end":{}}],"line":21},"4":{"loc":{"start":{"line":26,"column":8},"end":{"line":30,"column":9}},"type":"if","locations":[{"start":{"line":26,"column":8},"end":{"line":30,"column":9}},{"start":{"line":28,"column":15},"end":{"line":30,"column":9}}],"line":26},"5":{"loc":{"start":{"line":58,"column":28},"end":{"line":58,"column":66}},"type":"binary-expr","locations":[{"start":{"line":58,"column":28},"end":{"line":58,"column":56}},{"start":{"line":58,"column":60},"end":{"line":58,"column":66}}],"line":58},"6":{"loc":{"start":{"line":93,"column":4},"end":{"line":95,"column":5}},"type":"if","locations":[{"start":{"line":93,"column":4},"end":{"line":95,"column":5}},{"start":{},"end":{}}],"line":93}},"s":{"0":1,"1":1,"2":2,"3":2,"4":2,"5":2,"6":2,"7":1,"8":2,"9":1,"10":2,"11":2,"12":2,"13":2,"14":2,"15":2,"16":0,"17":0,"18":1,"19":1,"20":1,"21":1,"22":0,"23":0,"24":0,"25":0,"26":1,"27":1,"28":1,"29":1,"30":1,"31":1,"32":1,"33":1,"34":0,"35":0,"36":0,"37":0,"38":0,"39":0,"40":0,"41":0,"42":0,"43":0,"44":0,"45":0,"46":0,"47":1},"f":{"0":2,"1":2,"2":1,"3":0,"4":1,"5":1,"6":1,"7":1,"8":0,"9":0,"10":0,"11":0,"12":0,"13":0,"14":0,"15":0,"16":0,"17":0,"18":0},"b":{"0":[0],"1":[1,1],"2":[1,1],"3":[2,0],"4":[2,0],"5":[1,1],"6":[0,0]},"inputSourceMap":{"version":3,"sources":["C:/Users/allis/cs329/jwt-pizza/src/service/httpPizzaService.ts"],"mappings":"AAEA,MAAM,kBAAkB,YAAY,IAAI;AACxC,MAAM,kBAAkB,YAAY,IAAI;AAExC,MAAM,iBAAyC;AAAA,EAC7C,MAAM,aAAa,MAAc,SAAiB,OAAO,MAA0B;AACjF,WAAO,IAAI,QAAQ,OAAO,SAAS,WAAW;AAC5C,UAAI;AACF,cAAM,UAAe;AAAA,UACnB;AAAA,UACA,SAAS;AAAA,YACP,gBAAgB;AAAA,UAClB;AAAA,UACA,aAAa;AAAA,QACf;AAEA,cAAM,YAAY,aAAa,QAAQ,OAAO;AAC9C,YAAI,WAAW;AACb,kBAAQ,QAAQ,eAAe,IAAI,UAAU,SAAS;AAAA,QACxD;AAEA,YAAI,MAAM;AACR,kBAAQ,OAAO,KAAK,UAAU,IAAI;AAAA,QACpC;AAEA,YAAI,CAAC,KAAK,WAAW,MAAM,GAAG;AAC5B,iBAAO,kBAAkB;AAAA,QAC3B;AAEA,cAAM,IAAI,MAAM,MAAM,MAAM,OAAO;AACnC,cAAM,IAAI,MAAM,EAAE,KAAK;AACvB,YAAI,EAAE,IAAI;AACR,kBAAQ,CAAC;AAAA,QACX,OAAO;AACL,iBAAO,EAAE,MAAM,EAAE,QAAQ,SAAS,EAAE,QAAQ,CAAC;AAAA,QAC/C;AAAA,MACF,SAAS,GAAG;AACV,eAAO,EAAE,MAAM,KAAK,SAAS,EAAE,QAAQ,CAAC;AAAA,MAC1C;AAAA,IACF,CAAC;AAAA,EACH;AAAA,EAEA,MAAM,MAAM,OAAe,UAAiC;AAC1D,UAAM,EAAE,MAAM,MAAM,IAAI,MAAM,KAAK,aAAa,aAAa,OAAO,EAAE,OAAO,SAAS,CAAC;AACvF,iBAAa,QAAQ,QAAQ,KAAK,UAAU,IAAI,CAAC;AACjD,iBAAa,QAAQ,SAAS,KAAK;AACnC,WAAO,QAAQ,QAAQ,IAAI;AAAA,EAC7B;AAAA,EAEA,MAAM,SAAS,MAAc,OAAe,UAAiC;AAC3E,UAAM,EAAE,MAAM,MAAM,IAAI,MAAM,KAAK,aAAa,aAAa,QAAQ,EAAE,MAAM,OAAO,SAAS,CAAC;AAC9F,iBAAa,QAAQ,QAAQ,KAAK,UAAU,IAAI,CAAC;AACjD,iBAAa,QAAQ,SAAS,KAAK;AACnC,WAAO,QAAQ,QAAQ,IAAI;AAAA,EAC7B;AAAA,EAEA,MAAM,SAAwB;AAC5B,WAAO,IAAI,QAAQ,OAAO,YAAY;AACpC,YAAM,KAAK,aAAa,aAAa,QAAQ;AAC7C,mBAAa,WAAW,MAAM;AAC9B,mBAAa,WAAW,OAAO;AAC/B,cAAQ;AAAA,IACV,CAAC;AAAA,EACH;AAAA,EAEA,MAAM,UAAgC;AACpC,WAAO,IAAI,QAAQ,CAAC,YAAY;AAC9B,UAAI,OAAoB,KAAK,MAAM,aAAa,QAAQ,MAAM,KAAK,MAAM;AAEzE,aAAO,QAAQ,IAAI;AAAA,IACrB,CAAC;AAAA,EACH;AAAA,EAEA,MAAM,UAAyB;AAC7B,WAAO,KAAK,aAAa,iBAAiB;AAAA,EAC5C;AAAA,EAEA,MAAM,UAAU,MAAmC;AACjD,WAAO,KAAK,aAAa,YAAY;AAAA,EACvC;AAAA,EAEA,MAAM,MAAM,OAA8B;AACxC,WAAO,KAAK,aAAa,cAAc,QAAQ,KAAK;AAAA,EACtD;AAAA,EAEA,MAAM,YAAY,KAA6B;AAC7C,WAAO,KAAK,aAAa,kBAAkB,qBAAqB,QAAQ,EAAE,IAAI,CAAC;AAAA,EACjF;AAAA,EAEA,MAAM,aAAa,MAAuC;AACxD,WAAO,KAAK,aAAa,kBAAkB,KAAK,EAAE,EAAE;AAAA,EACtD;AAAA,EAEA,MAAM,gBAAgB,WAA0C;AAC9D,WAAO,KAAK,aAAa,kBAAkB,QAAQ,SAAS;AAAA,EAC9D;AAAA,EAEA,MAAM,gBAAsC;AAC1C,WAAO,KAAK,aAAa,gBAAgB;AAAA,EAC3C;AAAA,EAEA,MAAM,eAAe,WAAqC;AACxD,WAAO,KAAK,aAAa,kBAAkB,UAAU,EAAE,IAAI,QAAQ;AAAA,EACrE;AAAA,EAEA,MAAM,YAAY,WAAsB,OAA8B;AACpE,WAAO,KAAK,aAAa,kBAAkB,UAAU,EAAE,UAAU,QAAQ,KAAK;AAAA,EAChF;AAAA,EAEA,MAAM,WAAW,WAAsB,OAA6B;AAClE,WAAO,KAAK,aAAa,kBAAkB,UAAU,EAAE,UAAU,MAAM,EAAE,IAAI,QAAQ;AAAA,EACvF;AAAA,EAEA,MAAM,KAAK,SAAkC;AAC3C,QAAI,YAAY,WAAW;AACzB,aAAO,KAAK,aAAa,kBAAkB,WAAW;AAAA,IACxD;AACA,WAAO,KAAK,aAAa,WAAW;AAAA,EACtC;AACF;AAEA,MAAM,mBAAmB,IAAI,iBAAiB;AAC9C,eAAe;","names":[]},"_coverageSchema":"1a1c01bbd47fc00a2c39e90264f33305004495a9","hash":"d4aac8171cc9d4e16727e3ed76b53be535ecf2b5"},"C:/Users/allis/cs329/jwt-pizza/src/service/service.ts":{"path":"C:/Users/allis/cs329/jwt-pizza/src/service/service.ts","statementMap":{"0":{"start":{"line":2,"column":19},"end":{"line":2,"column":35}}},"fnMap":{},"branchMap":{},"s":{"0":1},"f":{},"b":{},"inputSourceMap":{"version":3,"sources":["C:/Users/allis/cs329/jwt-pizza/src/service/service.ts"],"mappings":"AAAA,OAAO,sBAAsB;AAG7B,IAAI,eAA6B;AACjC,SAAS;","names":[]},"_coverageSchema":"1a1c01bbd47fc00a2c39e90264f33305004495a9","hash":"283393b6d01846ee1f904786aced3a863d1f8bf0"},"C:/Users/allis/cs329/jwt-pizza/src/hooks/appNavigation.jsx":{"path":"C:/Users/allis/cs329/jwt-pizza/src/hooks/appNavigation.jsx","statementMap":{"0":{"start":{"line":3,"column":19},"end":{"line":3,"column":32}},"1":{"start":{"line":4,"column":19},"end":{"line":4,"column":32}},"2":{"start":{"line":5,"column":31},"end":{"line":13,"column":3}},"3":{"start":{"line":6,"column":18},"end":{"line":6,"column":84}},"4":{"start":{"line":7,"column":4},"end":{"line":11,"column":5}},"5":{"start":{"line":8,"column":6},"end":{"line":8,"column":40}},"6":{"start":{"line":9,"column":11},"end":{"line":11,"column":5}},"7":{"start":{"line":10,"column":6},"end":{"line":10,"column":20}},"8":{"start":{"line":12,"column":4},"end":{"line":12,"column":49}},"9":{"start":{"line":14,"column":2},"end":{"line":14,"column":30}}},"fnMap":{"0":{"name":"useBreadcrumb","decl":{"start":{"line":2,"column":9},"end":{"line":2,"column":22}},"loc":{"start":{"line":2,"column":32},"end":{"line":15,"column":1}},"line":2},"1":{"name":"(anonymous_1)","decl":{"start":{"line":5,"column":31},"end":{"line":5,"column":32}},"loc":{"start":{"line":5,"column":37},"end":{"line":13,"column":3}},"line":5}},"branchMap":{"0":{"loc":{"start":{"line":7,"column":4},"end":{"line":11,"column":5}},"type":"if","locations":[{"start":{"line":7,"column":4},"end":{"line":11,"column":5}},{"start":{"line":9,"column":11},"end":{"line":11,"column":5}}],"line":7},"1":{"loc":{"start":{"line":9,"column":11},"end":{"line":11,"column":5}},"type":"if","locations":[{"start":{"line":9,"column":11},"end":{"line":11,"column":5}},{"start":{},"end":{}}],"line":9}},"s":{"0":6,"1":6,"2":6,"3":1,"4":1,"5":0,"6":1,"7":1,"8":1,"9":6},"f":{"0":6,"1":1},"b":{"0":[0,1],"1":[1,0]},"inputSourceMap":{"version":3,"sources":["C:/Users/allis/cs329/jwt-pizza/src/hooks/appNavigation.jsx"],"mappings":"AAAA,SAAS,aAAa,mBAAmB;AAEzC,SAAS,cAAc,SAAS;AAC9B,QAAM,WAAW,YAAY;AAC7B,QAAM,WAAW,YAAY;AAE7B,QAAM,uBAAuB,MAAM;AACjC,QAAI,UAAU,SAAS,SAAS,UAAU,GAAG,SAAS,SAAS,YAAY,GAAG,CAAC;AAC/E,QAAI,SAAS;AACX,gBAAU,UAAU,MAAM;AAAA,IAC5B,WAAW,YAAY,IAAI;AACzB,gBAAU;AAAA,IACZ;AACA,aAAS,SAAS,EAAE,OAAO,SAAS,MAAM,CAAC;AAAA,EAC7C;AAEA,SAAO;AACT;AAEA,SAAS;","names":[]},"_coverageSchema":"1a1c01bbd47fc00a2c39e90264f33305004495a9","hash":"a20c44cdf7ad83a2f9e930043e37abbe7f4ca5a0"},"C:/Users/allis/cs329/jwt-pizza/src/views/register.jsx":{"path":"C:/Users/allis/cs329/jwt-pizza/src/views/register.jsx","statementMap":{"0":{"start":{"line":8,"column":26},"end":{"line":8,"column":44}},"1":{"start":{"line":9,"column":34},"end":{"line":9,"column":52}},"2":{"start":{"line":10,"column":28},"end":{"line":10,"column":46}},"3":{"start":{"line":11,"column":32},"end":{"line":11,"column":50}},"4":{"start":{"line":12,"column":31},"end":{"line":12,"column":46}},"5":{"start":{"line":13,"column":26},"end":{"line":13,"column":48}},"6":{"start":{"line":14,"column":18},"end":{"line":14,"column":32}},"7":{"start":{"line":15,"column":2},"end":{"line":17,"column":9}},"8":{"start":{"line":16,"column":4},"end":{"line":16,"column":28}},"9":{"start":{"line":19,"column":4},"end":{"line":19,"column":27}},"10":{"start":{"line":20,"column":4},"end":{"line":25,"column":5}},"11":{"start":{"line":21,"column":6},"end":{"line":21,"column":66}},"12":{"start":{"line":22,"column":6},"end":{"line":22,"column":29}},"13":{"start":{"line":24,"column":6},"end":{"line":24,"column":44}},"14":{"start":{"line":28,"column":4},"end":{"line":28,"column":20}},"15":{"start":{"line":30,"column":2},"end":{"line":67,"column":879}},"16":{"start":{"line":38,"column":23},"end":{"line":38,"column":46}},"17":{"start":{"line":50,"column":23},"end":{"line":50,"column":47}},"18":{"start":{"line":63,"column":23},"end":{"line":63,"column":50}}},"fnMap":{"0":{"name":"Register","decl":{"start":{"line":7,"column":24},"end":{"line":7,"column":32}},"loc":{"start":{"line":7,"column":46},"end":{"line":68,"column":1}},"line":7},"1":{"name":"(anonymous_1)","decl":{"start":{"line":15,"column":12},"end":{"line":15,"column":13}},"loc":{"start":{"line":15,"column":18},"end":{"line":17,"column":3}},"line":15},"2":{"name":"register","decl":{"start":{"line":18,"column":17},"end":{"line":18,"column":25}},"loc":{"start":{"line":18,"column":33},"end":{"line":26,"column":3}},"line":18},"3":{"name":"displayMessage","decl":{"start":{"line":27,"column":11},"end":{"line":27,"column":25}},"loc":{"start":{"line":27,"column":31},"end":{"line":29,"column":3}},"line":27},"4":{"name":"(anonymous_4)","decl":{"start":{"line":38,"column":16},"end":{"line":38,"column":17}},"loc":{"start":{"line":38,"column":23},"end":{"line":38,"column":46}},"line":38},"5":{"name":"(anonymous_5)","decl":{"start":{"line":50,"column":16},"end":{"line":50,"column":17}},"loc":{"start":{"line":50,"column":23},"end":{"line":50,"column":47}},"line":50},"6":{"name":"(anonymous_6)","decl":{"start":{"line":63,"column":16},"end":{"line":63,"column":17}},"loc":{"start":{"line":63,"column":23},"end":{"line":63,"column":50}},"line":63}},"branchMap":{},"s":{"0":0,"1":0,"2":0,"3":0,"4":0,"5":0,"6":0,"7":0,"8":0,"9":0,"10":0,"11":0,"12":0,"13":0,"14":0,"15":0,"16":0,"17":0,"18":0},"f":{"0":0,"1":0,"2":0,"3":0,"4":0,"5":0,"6":0},"b":{},"inputSourceMap":{"version":3,"sources":["C:/Users/allis/cs329/jwt-pizza/src/views/register.jsx"],"mappings":"AAAA,OAAO,SAAS,iBAAiB;AACjC,SAAS,SAAS,cAAc,YAAY,iBAAiB;AAC7D,OAAO,YAAY;AACnB,SAAS,oBAAoB;AAC7B,SAAS,qBAAqB;AAC9B,OAAO,UAAU;AAEjB,wBAAwB,SAAS,EAAE,QAAQ,GAAG;AAC5C,QAAM,CAAC,MAAM,OAAO,IAAI,MAAM,SAAS,EAAE;AACzC,QAAM,CAAC,UAAU,WAAW,IAAI,MAAM,SAAS,EAAE;AACjD,QAAM,CAAC,OAAO,QAAQ,IAAI,MAAM,SAAS,EAAE;AAC3C,QAAM,CAAC,SAAS,UAAU,IAAI,MAAM,SAAS,EAAE;AAE/C,QAAM,uBAAuB,cAAc;AAC3C,QAAM,kBAAkB,cAAc,OAAO;AAC7C,QAAM,UAAU,MAAM,OAAO;AAE7B,YAAU,MAAM;AACd,YAAQ,QAAQ,MAAM;AAAA,EACxB,GAAG,CAAC,CAAC;AAEL,iBAAe,SAAS,OAAO;AAC7B,UAAM,eAAe;AACrB,QAAI;AACF,cAAQ,MAAM,aAAa,SAAS,MAAM,OAAO,QAAQ,CAAC;AAC1D,2BAAqB;AAAA,IACvB,SAAS,OAAO;AACd,qBAAe,KAAK,UAAU,KAAK,CAAC;AAAA,IACtC;AAAA,EACF;AAEA,WAAS,eAAe,KAAK;AAC3B,eAAW,GAAG;AAAA,EAChB;AAEA,SACE,oCAAC,QAAK,OAAM,0BACV,oCAAC,SAAI,WAAU,qDACb,oCAAC,SAAI,WAAU,qCAAmC,OAAQ,GAE1D,oCAAC,UAAK,UAAU,YACd,oCAAC,SAAI,WAAU,+DACb,oCAAC,aACC,oCAAC,WAAM,SAAQ,SAAQ,WAAU,aAAU,eAE3C,GACA,oCAAC,SAAI,WAAU,cACb;AAAA,IAAC;AAAA;AAAA,MACC,MAAK;AAAA,MACL,OAAO;AAAA,MACP,KAAK;AAAA,MACL,cAAa;AAAA,MACb,UAAQ;AAAA,MACR,UAAU,CAAC,MAAM,QAAQ,EAAE,OAAO,KAAK;AAAA,MACvC,IAAG;AAAA,MACH,WAAU;AAAA,MACV,aAAY;AAAA;AAAA,EACd,GACA,oCAAC,SAAI,WAAU,gGACb,oCAAC,gBAAW,CACd,CACF,CACF,GACA,oCAAC,SAAI,WAAU,cACb;AAAA,IAAC;AAAA;AAAA,MACC,MAAK;AAAA,MACL,OAAO;AAAA,MACP,cAAa;AAAA,MACb,UAAQ;AAAA,MACR,UAAU,CAAC,MAAM,SAAS,EAAE,OAAO,KAAK;AAAA,MACxC,IAAG;AAAA,MACH,WAAU;AAAA,MACV,aAAY;AAAA;AAAA,EACd,GACA,oCAAC,SAAI,WAAU,gGACb,oCAAC,eAAU,CACb,CACF,GACA,oCAAC,aACC,oCAAC,WAAM,SAAQ,YAAW,WAAU,aAAU,UAE9C,GACA,oCAAC,SAAI,WAAU,cACb;AAAA,IAAC;AAAA;AAAA,MACC,IAAG;AAAA,MACH,MAAK;AAAA,MACL,OAAO;AAAA,MACP,cAAa;AAAA,MACb,UAAQ;AAAA,MACR,UAAU,CAAC,MAAM,YAAY,EAAE,OAAO,KAAK;AAAA,MAC3C,WAAU;AAAA,MACV,aAAY;AAAA;AAAA,EACd,GACA,oCAAC,YAAO,MAAK,UAAS,2BAAwB,2BAA0B,WAAU,sDAChF,oCAAC,kBAAa,CAChB,GAEA,oCAAC,SAAI,WAAU,gGACb,oCAAC,aAAQ,CACX,CACF,CACF,GAEA,oCAAC,SAAI,WAAU,wBACb,oCAAC,UAAO,OAAM,YAAW,QAAM,MAAC,CAClC,GACA,oCAAC,SAAI,WAAU,uBAAoB,4BACR,KACzB,oCAAC,UAAK,WAAU,mCAAkC,SAAS,mBAAiB,OAE5E,GAAQ,KAAI,UAEd,CACF,CACF,CACF,CACF;AAEJ;","names":[]},"_coverageSchema":"1a1c01bbd47fc00a2c39e90264f33305004495a9","hash":"047be25bbe9a57eaaded7efa4457421ad19940a2"},"C:/Users/allis/cs329/jwt-pizza/src/views/login.jsx":{"path":"C:/Users/allis/cs329/jwt-pizza/src/views/login.jsx","statementMap":{"0":{"start":{"line":8,"column":34},"end":{"line":8,"column":52}},"1":{"start":{"line":9,"column":28},"end":{"line":9,"column":46}},"2":{"start":{"line":10,"column":32},"end":{"line":10,"column":50}},"3":{"start":{"line":11,"column":27},"end":{"line":11,"column":42}},"4":{"start":{"line":12,"column":33},"end":{"line":12,"column":58}},"5":{"start":{"line":13,"column":19},"end":{"line":13,"column":33}},"6":{"start":{"line":14,"column":2},"end":{"line":16,"column":9}},"7":{"start":{"line":15,"column":4},"end":{"line":15,"column":29}},"8":{"start":{"line":18,"column":4},"end":{"line":18,"column":27}},"9":{"start":{"line":19,"column":4},"end":{"line":24,"column":5}},"10":{"start":{"line":20,"column":6},"end":{"line":20,"column":57}},"11":{"start":{"line":21,"column":6},"end":{"line":21,"column":25}},"12":{"start":{"line":23,"column":6},"end":{"line":23,"column":44}},"13":{"start":{"line":27,"column":4},"end":{"line":27,"column":20}},"14":{"start":{"line":29,"column":2},"end":{"line":54,"column":874}},"15":{"start":{"line":37,"column":23},"end":{"line":37,"column":47}},"16":{"start":{"line":50,"column":23},"end":{"line":50,"column":50}}},"fnMap":{"0":{"name":"Login","decl":{"start":{"line":7,"column":24},"end":{"line":7,"column":29}},"loc":{"start":{"line":7,"column":43},"end":{"line":55,"column":1}},"line":7},"1":{"name":"(anonymous_1)","decl":{"start":{"line":14,"column":12},"end":{"line":14,"column":13}},"loc":{"start":{"line":14,"column":18},"end":{"line":16,"column":3}},"line":14},"2":{"name":"login","decl":{"start":{"line":17,"column":17},"end":{"line":17,"column":22}},"loc":{"start":{"line":17,"column":30},"end":{"line":25,"column":3}},"line":17},"3":{"name":"displayMessage","decl":{"start":{"line":26,"column":11},"end":{"line":26,"column":25}},"loc":{"start":{"line":26,"column":31},"end":{"line":28,"column":3}},"line":26},"4":{"name":"(anonymous_4)","decl":{"start":{"line":37,"column":16},"end":{"line":37,"column":17}},"loc":{"start":{"line":37,"column":23},"end":{"line":37,"column":47}},"line":37},"5":{"name":"(anonymous_5)","decl":{"start":{"line":50,"column":16},"end":{"line":50,"column":17}},"loc":{"start":{"line":50,"column":23},"end":{"line":50,"column":50}},"line":50}},"branchMap":{},"s":{"0":3,"1":3,"2":3,"3":3,"4":3,"5":3,"6":3,"7":1,"8":1,"9":1,"10":1,"11":1,"12":0,"13":0,"14":3,"15":1,"16":1},"f":{"0":3,"1":1,"2":1,"3":0,"4":1,"5":1},"b":{},"inputSourceMap":{"version":3,"sources":["C:/Users/allis/cs329/jwt-pizza/src/views/login.jsx"],"mappings":"AAAA,OAAO,SAAS,iBAAiB;AACjC,SAAS,cAAc,SAAS,iBAAiB;AACjD,OAAO,YAAY;AACnB,SAAS,oBAAoB;AAC7B,SAAS,qBAAqB;AAC9B,OAAO,UAAU;AAEjB,wBAAwB,MAAM,EAAE,QAAQ,GAAG;AACzC,QAAM,CAAC,UAAU,WAAW,IAAI,MAAM,SAAS,EAAE;AACjD,QAAM,CAAC,OAAO,QAAQ,IAAI,MAAM,SAAS,EAAE;AAC3C,QAAM,CAAC,SAAS,UAAU,IAAI,MAAM,SAAS,EAAE;AAE/C,QAAM,mBAAmB,cAAc;AACvC,QAAM,yBAAyB,cAAc,UAAU;AACvD,QAAM,WAAW,MAAM,OAAO;AAE9B,YAAU,MAAM;AACd,aAAS,QAAQ,MAAM;AAAA,EACzB,GAAG,CAAC,CAAC;AAEL,iBAAe,MAAM,OAAO;AAC1B,UAAM,eAAe;AACrB,QAAI;AACF,cAAQ,MAAM,aAAa,MAAM,OAAO,QAAQ,CAAC;AACjD,uBAAiB;AAAA,IACnB,SAAS,OAAO;AACd,qBAAe,KAAK,UAAU,KAAK,CAAC;AAAA,IACtC;AAAA,EACF;AAEA,WAAS,eAAe,KAAK;AAC3B,eAAW,GAAG;AAAA,EAChB;AAEA,SACE,oCAAC,QAAK,OAAM,kBACV,oCAAC,SAAI,WAAU,qDACb,oCAAC,SAAI,WAAU,qCAAmC,OAAQ,GAE1D,oCAAC,UAAK,UAAU,SACd,oCAAC,SAAI,WAAU,+DACb,oCAAC,aACC,oCAAC,WAAM,SAAQ,SAAQ,WAAU,aAAU,eAE3C,GACA,oCAAC,SAAI,WAAU,cACb;AAAA,IAAC;AAAA;AAAA,MACC,MAAK;AAAA,MACL,OAAO;AAAA,MACP,KAAK;AAAA,MACL,cAAa;AAAA,MACb,UAAQ;AAAA,MACR,UAAU,CAAC,MAAM,SAAS,EAAE,OAAO,KAAK;AAAA,MACxC,IAAG;AAAA,MACH,WAAU;AAAA,MACV,aAAY;AAAA;AAAA,EACd,GACA,oCAAC,SAAI,WAAU,gGACb,oCAAC,eAAU,CACb,CACF,CACF,GACA,oCAAC,aACC,oCAAC,WAAM,SAAQ,YAAW,WAAU,aAAU,UAE9C,GACA,oCAAC,SAAI,WAAU,cACb;AAAA,IAAC;AAAA;AAAA,MACC,IAAG;AAAA,MACH,MAAK;AAAA,MACL,OAAO;AAAA,MACP,UAAQ;AAAA,MACR,cAAa;AAAA,MACb,UAAU,CAAC,MAAM,YAAY,EAAE,OAAO,KAAK;AAAA,MAC3C,WAAU;AAAA,MACV,aAAY;AAAA;AAAA,EACd,GACA,oCAAC,YAAO,MAAK,UAAS,2BAAwB,2BAA0B,WAAU,sDAChF,oCAAC,kBAAa,CAChB,GAEA,oCAAC,SAAI,WAAU,gGACb,oCAAC,aAAQ,CACX,CACF,CACF,GAEA,oCAAC,SAAI,WAAU,wBACb,oCAAC,UAAO,OAAM,SAAQ,QAAM,MAAC,CAC/B,GACA,oCAAC,SAAI,WAAU,uBAAoB,gBACpB,KACb,oCAAC,UAAK,WAAU,mCAAkC,SAAS,0BAAwB,UAEnF,GAAQ,KAAI,UAEd,CACF,CACF,CACF,CACF;AAEJ;","names":[]},"_coverageSchema":"1a1c01bbd47fc00a2c39e90264f33305004495a9","hash":"aa5aeb96a957a8657cb6253586006cc82189928f"},"C:/Users/allis/cs329/jwt-pizza/src/views/logout.jsx":{"path":"C:/Users/allis/cs329/jwt-pizza/src/views/logout.jsx","statementMap":{"0":{"start":{"line":6,"column":19},"end":{"line":6,"column":32}},"1":{"start":{"line":7,"column":2},"end":{"line":13,"column":9}},"2":{"start":{"line":8,"column":4},"end":{"line":12,"column":9}},"3":{"start":{"line":9,"column":6},"end":{"line":9,"column":34}},"4":{"start":{"line":10,"column":6},"end":{"line":10,"column":20}},"5":{"start":{"line":11,"column":6},"end":{"line":11,"column":20}},"6":{"start":{"line":14,"column":2},"end":{"line":14,"column":170}}},"fnMap":{"0":{"name":"Logout","decl":{"start":{"line":5,"column":24},"end":{"line":5,"column":30}},"loc":{"start":{"line":5,"column":44},"end":{"line":15,"column":1}},"line":5},"1":{"name":"(anonymous_1)","decl":{"start":{"line":7,"column":18},"end":{"line":7,"column":19}},"loc":{"start":{"line":7,"column":24},"end":{"line":13,"column":3}},"line":7},"2":{"name":"(anonymous_2)","decl":{"start":{"line":8,"column":5},"end":{"line":8,"column":6}},"loc":{"start":{"line":8,"column":17},"end":{"line":12,"column":5}},"line":8}},"branchMap":{},"s":{"0":1,"1":1,"2":1,"3":1,"4":1,"5":1,"6":1},"f":{"0":1,"1":1,"2":1},"b":{},"inputSourceMap":{"version":3,"sources":["C:/Users/allis/cs329/jwt-pizza/src/views/logout.jsx"],"mappings":"AAAA,OAAO,WAAW;AAClB,SAAS,mBAAmB;AAC5B,SAAS,oBAAoB;AAC7B,OAAO,UAAU;AAEjB,wBAAwB,OAAO,EAAE,QAAQ,GAAG;AAC1C,QAAM,WAAW,YAAY;AAE7B,QAAM,UAAU,MAAM;AACpB,KAAC,YAAY;AACX,YAAM,aAAa,OAAO;AAC1B,cAAQ,IAAI;AACZ,eAAS,GAAG;AAAA,IACd,GAAG;AAAA,EACL,GAAG,CAAC,CAAC;AAEL,SACE,oCAAC,QAAK,OAAM,YACV,oCAAC,SAAI,WAAU,sBAAmB,iBAAe,CACnD;AAEJ;","names":[]},"_coverageSchema":"1a1c01bbd47fc00a2c39e90264f33305004495a9","hash":"bf4144410da37557e9b9726e42b9a0365ba008a8"},"C:/Users/allis/cs329/jwt-pizza/src/views/menu.jsx":{"path":"C:/Users/allis/cs329/jwt-pizza/src/views/menu.jsx","statementMap":{"0":{"start":{"line":8,"column":28},"end":{"line":8,"column":81}},"1":{"start":{"line":9,"column":26},"end":{"line":9,"column":38}},"2":{"start":{"line":10,"column":34},"end":{"line":10,"column":46}},"3":{"start":{"line":11,"column":44},"end":{"line":11,"column":73}},"4":{"start":{"line":12,"column":19},"end":{"line":12,"column":32}},"5":{"start":{"line":13,"column":2},"end":{"line":22,"column":9}},"6":{"start":{"line":14,"column":4},"end":{"line":21,"column":9}},"7":{"start":{"line":15,"column":20},"end":{"line":15,"column":48}},"8":{"start":{"line":16,"column":6},"end":{"line":16,"column":21}},"9":{"start":{"line":17,"column":25},"end":{"line":17,"column":59}},"10":{"start":{"line":18,"column":26},"end":{"line":18,"column":28}},"11":{"start":{"line":19,"column":6},"end":{"line":19,"column":123}},"12":{"start":{"line":19,"column":40},"end":{"line":19,"column":121}},"13":{"start":{"line":19,"column":76},"end":{"line":19,"column":120}},"14":{"start":{"line":20,"column":6},"end":{"line":20,"column":31}},"15":{"start":{"line":24,"column":4},"end":{"line":24,"column":110}},"16":{"start":{"line":27,"column":4},"end":{"line":27,"column":27}},"17":{"start":{"line":28,"column":4},"end":{"line":32,"column":5}},"18":{"start":{"line":29,"column":6},"end":{"line":29,"column":36}},"19":{"start":{"line":30,"column":6},"end":{"line":30,"column":63}},"20":{"start":{"line":31,"column":6},"end":{"line":31,"column":49}},"21":{"start":{"line":34,"column":2},"end":{"line":59,"column":9}},"22":{"start":{"line":40,"column":23},"end":{"line":40,"column":55}},"23":{"start":{"line":43,"column":59},"end":{"line":43,"column":154}},"24":{"start":{"line":44,"column":602},"end":{"line":59,"column":3}},"25":{"start":{"line":50,"column":8},"end":{"line":50,"column":27}},"26":{"start":{"line":51,"column":8},"end":{"line":51,"column":56}},"27":{"start":{"line":52,"column":8},"end":{"line":52,"column":27}},"28":{"start":{"line":55,"column":8},"end":{"line":55,"column":59}}},"fnMap":{"0":{"name":"Menu","decl":{"start":{"line":7,"column":24},"end":{"line":7,"column":28}},"loc":{"start":{"line":7,"column":31},"end":{"line":60,"column":1}},"line":7},"1":{"name":"(anonymous_1)","decl":{"start":{"line":13,"column":12},"end":{"line":13,"column":13}},"loc":{"start":{"line":13,"column":18},"end":{"line":22,"column":3}},"line":13},"2":{"name":"(anonymous_2)","decl":{"start":{"line":14,"column":5},"end":{"line":14,"column":6}},"loc":{"start":{"line":14,"column":17},"end":{"line":21,"column":5}},"line":14},"3":{"name":"(anonymous_3)","decl":{"start":{"line":19,"column":25},"end":{"line":19,"column":26}},"loc":{"start":{"line":19,"column":40},"end":{"line":19,"column":121}},"line":19},"4":{"name":"(anonymous_4)","decl":{"start":{"line":19,"column":65},"end":{"line":19,"column":66}},"loc":{"start":{"line":19,"column":76},"end":{"line":19,"column":120}},"line":19},"5":{"name":"selectPizza","decl":{"start":{"line":23,"column":11},"end":{"line":23,"column":22}},"loc":{"start":{"line":23,"column":30},"end":{"line":25,"column":3}},"line":23},"6":{"name":"checkout","decl":{"start":{"line":26,"column":11},"end":{"line":26,"column":19}},"loc":{"start":{"line":26,"column":27},"end":{"line":33,"column":3}},"line":26},"7":{"name":"(anonymous_7)","decl":{"start":{"line":40,"column":16},"end":{"line":40,"column":17}},"loc":{"start":{"line":40,"column":23},"end":{"line":40,"column":55}},"line":40},"8":{"name":"(anonymous_8)","decl":{"start":{"line":43,"column":32},"end":{"line":43,"column":33}},"loc":{"start":{"line":43,"column":59},"end":{"line":43,"column":154}},"line":43},"9":{"name":"(anonymous_9)","decl":{"start":{"line":44,"column":575},"end":{"line":44,"column":576}},"loc":{"start":{"line":44,"column":602},"end":{"line":59,"column":3}},"line":44},"10":{"name":"(anonymous_10)","decl":{"start":{"line":49,"column":15},"end":{"line":49,"column":16}},"loc":{"start":{"line":49,"column":22},"end":{"line":53,"column":7}},"line":49},"11":{"name":"(anonymous_11)","decl":{"start":{"line":54,"column":22},"end":{"line":54,"column":23}},"loc":{"start":{"line":54,"column":29},"end":{"line":56,"column":7}},"line":54}},"branchMap":{"0":{"loc":{"start":{"line":8,"column":37},"end":{"line":8,"column":80}},"type":"binary-expr","locations":[{"start":{"line":8,"column":37},"end":{"line":8,"column":63}},{"start":{"line":8,"column":67},"end":{"line":8,"column":80}}],"line":8},"1":{"loc":{"start":{"line":11,"column":53},"end":{"line":11,"column":72}},"type":"binary-expr","locations":[{"start":{"line":11,"column":53},"end":{"line":11,"column":66}},{"start":{"line":11,"column":70},"end":{"line":11,"column":72}}],"line":11},"2":{"loc":{"start":{"line":28,"column":4},"end":{"line":32,"column":5}},"type":"if","locations":[{"start":{"line":28,"column":4},"end":{"line":32,"column":5}},{"start":{},"end":{}}],"line":28},"3":{"loc":{"start":{"line":28,"column":8},"end":{"line":28,"column":47}},"type":"binary-expr","locations":[{"start":{"line":28,"column":8},"end":{"line":28,"column":21}},{"start":{"line":28,"column":25},"end":{"line":28,"column":47}}],"line":28},"4":{"loc":{"start":{"line":44,"column":83},"end":{"line":44,"column":217}},"type":"cond-expr","locations":[{"start":{"line":44,"column":108},"end":{"line":44,"column":148}},{"start":{"line":44,"column":151},"end":{"line":44,"column":217}}],"line":44},"5":{"loc":{"start":{"line":44,"column":309},"end":{"line":44,"column":350}},"type":"binary-expr","locations":[{"start":{"line":44,"column":309},"end":{"line":44,"column":323}},{"start":{"line":44,"column":327},"end":{"line":44,"column":350}}],"line":44}},"s":{"0":0,"1":0,"2":0,"3":0,"4":0,"5":0,"6":0,"7":0,"8":0,"9":0,"10":0,"11":0,"12":0,"13":0,"14":0,"15":0,"16":0,"17":0,"18":0,"19":0,"20":0,"21":0,"22":0,"23":0,"24":0,"25":0,"26":0,"27":0,"28":0},"f":{"0":0,"1":0,"2":0,"3":0,"4":0,"5":0,"6":0,"7":0,"8":0,"9":0,"10":0,"11":0},"b":{"0":[0,0],"1":[0,0],"2":[0,0],"3":[0,0],"4":[0,0],"5":[0,0]},"inputSourceMap":{"version":3,"sources":["C:/Users/allis/cs329/jwt-pizza/src/views/menu.jsx"],"mappings":"AAAA,OAAO,SAAS,WAAW,gBAAgB;AAC3C,SAAS,oBAAoB;AAC7B,OAAO,UAAU;AACjB,OAAO,UAAU;AACjB,OAAO,YAAY;AACnB,SAAS,aAAa,mBAAmB;AAEzC,wBAAwB,OAAO;AAC7B,QAAM,CAAC,OAAO,QAAQ,IAAI,SAAS,YAAY,EAAE,OAAO,SAAS,EAAE,OAAO,CAAC,EAAE,CAAC;AAC9E,QAAM,CAAC,MAAM,OAAO,IAAI,SAAS,CAAC,CAAC;AACnC,QAAM,CAAC,UAAU,WAAW,IAAI,SAAS,CAAC,CAAC;AAC3C,QAAM,CAAC,eAAe,gBAAgB,IAAI,SAAS,MAAM,WAAW,EAAE;AACtE,QAAM,WAAW,YAAY;AAE7B,YAAU,MAAM;AACd,KAAC,YAAY;AACX,YAAMA,QAAO,MAAM,aAAa,QAAQ;AACxC,cAAQA,KAAI;AACZ,YAAM,aAAa,MAAM,aAAa,cAAc;AACpD,YAAM,cAAc,CAAC;AACrB,iBAAW,QAAQ,CAAC,cAAc,UAAU,OAAO,QAAQ,CAAC,UAAW,YAAY,MAAM,EAAE,IAAI,EAAE,OAAO,UAAU,CAAE,CAAC;AACrH,kBAAY,WAAW;AAAA,IACzB,GAAG;AAAA,EACL,GAAG,CAAC,CAAC;AAEL,WAAS,YAAY,OAAO;AAC1B,aAAS,EAAE,OAAO,CAAC,GAAG,MAAM,OAAO,EAAE,QAAQ,MAAM,IAAI,aAAa,MAAM,OAAO,OAAO,MAAM,MAAM,CAAC,EAAE,CAAC;AAAA,EAC1G;AAEA,WAAS,SAAS,OAAO;AACvB,UAAM,eAAe;AACrB,QAAI,iBAAiB,MAAM,MAAM,SAAS,GAAG;AAC3C,YAAM,UAAU;AAChB,YAAM,cAAc,SAAS,aAAa,EAAE,UAAU;AACtD,eAAS,YAAY,EAAE,OAAO,EAAE,MAAa,EAAE,CAAC;AAAA,IAClD;AAAA,EACF;AAEA,SACE,oCAAC,QAAK,OAAM,6BACV,oCAAC,UAAK,UAAU,YACd,oCAAC,SAAI,WAAU,0FACb,oCAAC,SAAI,WAAU,kBAAe,sFAAoF,GAElH,oCAAC,SAAI,WAAU,2BACb;AAAA,IAAC;AAAA;AAAA,MACC,WAAU;AAAA,MACV,OAAO;AAAA,MACP,UAAQ;AAAA,MACR,UAAU,CAAC,MAAM,iBAAiB,EAAE,OAAO,KAAK;AAAA;AAAA,IAEhD,oCAAC,YAAO,OAAM,MAAG,cAAY;AAAA,IAC5B,OAAO,OAAO,QAAQ,EAAE,IAAI,CAAC,UAC5B,oCAAC,YAAO,KAAK,MAAM,MAAM,IAAI,OAAO,MAAM,MAAM,MAC7C,MAAM,MAAM,IACf,CACD;AAAA,EACH,CACF,GAEA,oCAAC,SAAI,WAAU,qBAAmB,MAAM,MAAM,SAAS,IAAI,sBAAsB,MAAM,MAAM,SAAS,kEAAmE,GACzK,oCAAC,UAAO,OAAM,YAAW,QAAM,MAAC,UAAU,CAAC,iBAAiB,MAAM,MAAM,UAAU,GAAG,WAAU,qDAAoD,GAEnJ,oCAAC,SAAI,WAAU,2FACZ,KAAK,IAAI,CAAC,UACT;AAAA,IAAC;AAAA;AAAA,MACC,KAAK,MAAM;AAAA,MACX,MAAK;AAAA,MACL,SAAS,CAAC,MAAM;AACd,UAAE,eAAe;AACjB,UAAE,cAAc,UAAU,IAAI,gBAAgB;AAC9C,oBAAY,KAAK;AAAA,MACnB;AAAA,MACA,gBAAgB,CAAC,MAAM;AACrB,UAAE,cAAc,UAAU,OAAO,gBAAgB;AAAA,MACnD;AAAA;AAAA,IAEA,oCAAC,QAAK,OAAO,MAAM,OAAO,aAAa,MAAM,aAAa,OAAO,MAAM,OAAO;AAAA,EAChF,CACD,CACH,CACF,CACF,CACF;AAEJ;","names":["menu"]},"_coverageSchema":"1a1c01bbd47fc00a2c39e90264f33305004495a9","hash":"548ec75f5b528a50b2b0c817d7363cbb49f15056"},"C:/Users/allis/cs329/jwt-pizza/src/views/delivery.jsx":{"path":"C:/Users/allis/cs329/jwt-pizza/src/views/delivery.jsx","statementMap":{"0":{"start":{"line":8,"column":19},"end":{"line":8,"column":32}},"1":{"start":{"line":9,"column":19},"end":{"line":9,"column":32}},"2":{"start":{"line":10,"column":16},"end":{"line":10,"column":55}},"3":{"start":{"line":11,"column":14},"end":{"line":11,"column":44}},"4":{"start":{"line":12,"column":38},"end":{"line":12,"column":56}},"5":{"start":{"line":14,"column":4},"end":{"line":19,"column":5}},"6":{"start":{"line":15,"column":16},"end":{"line":15,"column":51}},"7":{"start":{"line":16,"column":6},"end":{"line":16,"column":23}},"8":{"start":{"line":18,"column":6},"end":{"line":18,"column":99}},"9":{"start":{"line":20,"column":4},"end":{"line":20,"column":36}},"10":{"start":{"line":22,"column":2},"end":{"line":52,"column":9}},"11":{"start":{"line":36,"column":174},"end":{"line":36,"column":182}},"12":{"start":{"line":36,"column":269},"end":{"line":36,"column":286}},"13":{"start":{"line":36,"column":1021},"end":{"line":36,"column":1032}}},"fnMap":{"0":{"name":"Delivery","decl":{"start":{"line":7,"column":24},"end":{"line":7,"column":32}},"loc":{"start":{"line":7,"column":35},"end":{"line":53,"column":1}},"line":7},"1":{"name":"verify","decl":{"start":{"line":13,"column":17},"end":{"line":13,"column":23}},"loc":{"start":{"line":13,"column":26},"end":{"line":21,"column":3}},"line":13},"2":{"name":"(anonymous_2)","decl":{"start":{"line":36,"column":168},"end":{"line":36,"column":169}},"loc":{"start":{"line":36,"column":174},"end":{"line":36,"column":182}},"line":36},"3":{"name":"(anonymous_3)","decl":{"start":{"line":36,"column":263},"end":{"line":36,"column":264}},"loc":{"start":{"line":36,"column":269},"end":{"line":36,"column":286}},"line":36},"4":{"name":"(anonymous_4)","decl":{"start":{"line":36,"column":1011},"end":{"line":36,"column":1012}},"loc":{"start":{"line":36,"column":1021},"end":{"line":36,"column":1032}},"line":36}},"branchMap":{"0":{"loc":{"start":{"line":10,"column":16},"end":{"line":10,"column":55}},"type":"binary-expr","locations":[{"start":{"line":10,"column":16},"end":{"line":10,"column":37}},{"start":{"line":10,"column":41},"end":{"line":10,"column":55}}],"line":10},"1":{"loc":{"start":{"line":11,"column":14},"end":{"line":11,"column":44}},"type":"binary-expr","locations":[{"start":{"line":11,"column":14},"end":{"line":11,"column":33}},{"start":{"line":11,"column":37},"end":{"line":11,"column":44}}],"line":11},"2":{"loc":{"start":{"line":36,"column":1177},"end":{"line":36,"column":1243}},"type":"cond-expr","locations":[{"start":{"line":36,"column":1210},"end":{"line":36,"column":1226}},{"start":{"line":36,"column":1229},"end":{"line":36,"column":1243}}],"line":36},"3":{"loc":{"start":{"line":36,"column":2145},"end":{"line":36,"column":2211}},"type":"cond-expr","locations":[{"start":{"line":36,"column":2178},"end":{"line":36,"column":2194}},{"start":{"line":36,"column":2197},"end":{"line":36,"column":2211}}],"line":36}},"s":{"0":0,"1":0,"2":0,"3":0,"4":0,"5":0,"6":0,"7":0,"8":0,"9":0,"10":0,"11":0,"12":0,"13":0},"f":{"0":0,"1":0,"2":0,"3":0,"4":0},"b":{"0":[0,0],"1":[0,0],"2":[0,0],"3":[0,0]},"inputSourceMap":{"version":3,"sources":["C:/Users/allis/cs329/jwt-pizza/src/views/delivery.jsx"],"mappings":"AAAA,OAAO,WAAW;AAClB,SAAS,aAAa,mBAAmB;AACzC,OAAO,YAAY;AACnB,OAAO,UAAU;AACjB,SAAS,oBAAoB;AAC7B,SAAS,iBAAiB;AAE1B,wBAAwB,WAAW;AACjC,QAAM,WAAW,YAAY;AAC7B,QAAM,WAAW,YAAY;AAC7B,QAAM,QAAQ,SAAS,OAAO,SAAS,EAAE,QAAQ,CAAC,EAAE;AACpD,QAAM,MAAM,SAAS,OAAO,OAAO;AACnC,QAAM,CAAC,YAAY,aAAa,IAAI,MAAM,SAAS,CAAC,CAAC;AAErD,iBAAe,SAAS;AACtB,QAAI;AACF,YAAM,IAAI,MAAM,aAAa,YAAY,GAAG;AAC5C,oBAAc,CAAC;AAAA,IACjB,SAAS,GAAG;AACV,oBAAc,EAAE,GAAG,GAAG,SAAS,EAAE,OAAO,gDAAgD,EAAE,CAAC;AAAA,IAC7F;AACA,cAAU,KAAK,eAAe;AAAA,EAChC;AAEA,SACE,oCAAC,QAAK,OAAM,6BACV,oCAAC,SAAI,WAAU,wFACb;AAAA,IAAC;AAAA;AAAA,MACC,OAAM;AAAA,MACN,SAAQ;AAAA,MACR,MAAK;AAAA,MACL,QAAO;AAAA,MACP,aAAY;AAAA,MACZ,eAAc;AAAA,MACd,gBAAe;AAAA,MACf,WAAU;AAAA;AAAA,IAEV,oCAAC,UAAK,eAAc,SAAQ,gBAAe,SAAQ,GAAE,yCAAwC;AAAA,IAC7F,oCAAC,UAAK,eAAc,SAAQ,gBAAe,SAAQ,GAAE,2CAA0C;AAAA,EACjG,GAEA,oCAAC,aACC,oCAAC,UAAO,WAAU,+BAA8B,OAAM,UAAS,SAAS,MAAM,OAAO,GAAG,GACxF,oCAAC,UAAO,OAAM,cAAa,SAAS,MAAM,SAAS,OAAO,GAAG,CAC/D,GAEA,oCAAC,SAAI,WAAU,oEACb,oCAAC,SAAI,WAAU,mCAAgC,WAAS,GAAM,KAAC,oCAAC,SAAI,WAAU,gBAAc,MAAM,EAAG,GACrG,oCAAC,SAAI,WAAU,mCAAgC,YAAU,GAAM,KAAC,oCAAC,SAAI,WAAU,gBAAc,MAAM,MAAM,MAAO,GAChH,oCAAC,SAAI,WAAU,mCAAgC,QAAM,GAAM,KAAC,oCAAC,SAAI,WAAU,gBAAc,MAAM,MAAM,OAAO,CAAC,GAAG,MAAM,IAAI,EAAE,OAAO,CAAC,EAAE,eAAe,GAAE,IAAE,CAC3J,GAEA,oCAAC,SAAI,WAAW,0DAA0D,WAAW,YAAY,UAAU,mBAAmB,cAAc,MAAK,GAAI,CACvJ,GAEA,oCAAC,SAAI,IAAG,gBAAe,WAAU,kHAC/B,oCAAC,SAAI,WAAU,2MACb,oCAAC,SAAI,WAAU,sFACb,oCAAC,SAAI,WAAU,qFACb,oCAAC,QAAG,WAAU,6BAA0B,gBAC1B,oCAAC,UAAK,WAAW,WAAW,YAAY,UAAU,mBAAmB,kBAAiB,WAAW,OAAQ,CACvH,GACA;AAAA,IAAC;AAAA;AAAA,MACC,MAAK;AAAA,MACL,WAAU;AAAA,MACV,mBAAgB;AAAA;AAAA,IAEhB,oCAAC,eAAU;AAAA,EACb,CACF,GACA,oCAAC,SAAI,WAAU,oCACb,oCAAC,SAAI,WAAU,2BAAyB,KAAK,UAAU,WAAW,SAAS,GAAG,CAAC,CAAE,CACnF,GACA,oCAAC,SAAI,WAAU,yFACb;AAAA,IAAC;AAAA;AAAA,MACC,MAAK;AAAA,MACL,WAAU;AAAA,MACV,mBAAgB;AAAA;AAAA,IACjB;AAAA,EAED,CACF,CACF,CACF,CACF,CACF;AAEJ;","names":[]},"_coverageSchema":"1a1c01bbd47fc00a2c39e90264f33305004495a9","hash":"78d6dd79ff3015ee97c16c770b492b9d3e8ad329"},"C:/Users/allis/cs329/jwt-pizza/src/views/franchiseDashboard.jsx":{"path":"C:/Users/allis/cs329/jwt-pizza/src/views/franchiseDashboard.jsx","statementMap":{"0":{"start":{"line":9,"column":19},"end":{"line":9,"column":32}},"1":{"start":{"line":10,"column":36},"end":{"line":10,"column":56}},"2":{"start":{"line":11,"column":2},"end":{"line":18,"column":13}},"3":{"start":{"line":12,"column":4},"end":{"line":17,"column":9}},"4":{"start":{"line":13,"column":6},"end":{"line":16,"column":7}},"5":{"start":{"line":14,"column":27},"end":{"line":14,"column":64}},"6":{"start":{"line":15,"column":8},"end":{"line":15,"column":36}},"7":{"start":{"line":20,"column":4},"end":{"line":20,"column":76}},"8":{"start":{"line":23,"column":4},"end":{"line":23,"column":94}},"9":{"start":{"line":25,"column":2},"end":{"line":27,"column":3}},"10":{"start":{"line":26,"column":4},"end":{"line":26,"column":26}},"11":{"start":{"line":28,"column":2},"end":{"line":37,"column":133}},"12":{"start":{"line":28,"column":1010},"end":{"line":28,"column":1130}},"13":{"start":{"line":28,"column":1279},"end":{"line":37,"column":5}},"14":{"start":{"line":33,"column":21},"end":{"line":33,"column":49}},"15":{"start":{"line":40,"column":2},"end":{"line":40,"column":6508}},"16":{"start":{"line":40,"column":3867},"end":{"line":40,"column":3987}},"17":{"start":{"line":43,"column":2},"end":{"line":43,"column":414}}},"fnMap":{"0":{"name":"FranchiseDashboard","decl":{"start":{"line":8,"column":24},"end":{"line":8,"column":42}},"loc":{"start":{"line":8,"column":53},"end":{"line":38,"column":1}},"line":8},"1":{"name":"(anonymous_1)","decl":{"start":{"line":11,"column":18},"end":{"line":11,"column":19}},"loc":{"start":{"line":11,"column":24},"end":{"line":18,"column":3}},"line":11},"2":{"name":"(anonymous_2)","decl":{"start":{"line":12,"column":5},"end":{"line":12,"column":6}},"loc":{"start":{"line":12,"column":17},"end":{"line":17,"column":5}},"line":12},"3":{"name":"createStore","decl":{"start":{"line":19,"column":11},"end":{"line":19,"column":22}},"loc":{"start":{"line":19,"column":25},"end":{"line":21,"column":3}},"line":19},"4":{"name":"closeStore","decl":{"start":{"line":22,"column":11},"end":{"line":22,"column":21}},"loc":{"start":{"line":22,"column":41},"end":{"line":24,"column":3}},"line":22},"5":{"name":"(anonymous_5)","decl":{"start":{"line":28,"column":982},"end":{"line":28,"column":983}},"loc":{"start":{"line":28,"column":1010},"end":{"line":28,"column":1130}},"line":28},"6":{"name":"(anonymous_6)","decl":{"start":{"line":28,"column":1245},"end":{"line":28,"column":1246}},"loc":{"start":{"line":28,"column":1279},"end":{"line":37,"column":5}},"line":28},"7":{"name":"(anonymous_7)","decl":{"start":{"line":33,"column":15},"end":{"line":33,"column":16}},"loc":{"start":{"line":33,"column":21},"end":{"line":33,"column":49}},"line":33},"8":{"name":"whyFranchise","decl":{"start":{"line":39,"column":9},"end":{"line":39,"column":21}},"loc":{"start":{"line":39,"column":24},"end":{"line":41,"column":1}},"line":39},"9":{"name":"(anonymous_9)","decl":{"start":{"line":40,"column":3839},"end":{"line":40,"column":3840}},"loc":{"start":{"line":40,"column":3867},"end":{"line":40,"column":3987}},"line":40},"10":{"name":"OrderNow","decl":{"start":{"line":42,"column":9},"end":{"line":42,"column":17}},"loc":{"start":{"line":42,"column":20},"end":{"line":44,"column":1}},"line":42}},"branchMap":{"0":{"loc":{"start":{"line":13,"column":6},"end":{"line":16,"column":7}},"type":"if","locations":[{"start":{"line":13,"column":6},"end":{"line":16,"column":7}},{"start":{},"end":{}}],"line":13},"1":{"loc":{"start":{"line":25,"column":2},"end":{"line":27,"column":3}},"type":"if","locations":[{"start":{"line":25,"column":2},"end":{"line":27,"column":3}},{"start":{},"end":{}}],"line":25}},"s":{"0":0,"1":0,"2":0,"3":0,"4":0,"5":0,"6":0,"7":0,"8":0,"9":0,"10":0,"11":0,"12":0,"13":0,"14":0,"15":0,"16":0,"17":0},"f":{"0":0,"1":0,"2":0,"3":0,"4":0,"5":0,"6":0,"7":0,"8":0,"9":0,"10":0},"b":{"0":[0,0],"1":[0,0]},"inputSourceMap":{"version":3,"sources":["C:/Users/allis/cs329/jwt-pizza/src/views/franchiseDashboard.jsx"],"mappings":"AAAA,OAAO,WAAW;AAClB,SAAS,mBAAmB;AAC5B,SAAS,eAAe;AACxB,OAAO,UAAU;AACjB,SAAS,WAAW,mBAAmB;AACvC,OAAO,YAAY;AACnB,SAAS,oBAAoB;AAE7B,wBAAwB,mBAAmB,EAAE,KAAK,GAAG;AACnD,QAAM,WAAW,YAAY;AAC7B,QAAM,CAAC,WAAW,YAAY,IAAI,MAAM,SAAS,IAAI;AAErD,QAAM,UAAU,MAAM;AACpB,KAAC,YAAY;AACX,UAAI,MAAM;AACR,cAAM,aAAa,MAAM,aAAa,aAAa,IAAI;AACvD,qBAAa,WAAW,CAAC,CAAC;AAAA,MAC5B;AAAA,IACF,GAAG;AAAA,EACL,GAAG,CAAC,IAAI,CAAC;AAET,WAAS,cAAc;AACrB,aAAS,qCAAqC,EAAE,OAAO,EAAE,UAAqB,EAAE,CAAC;AAAA,EACnF;AAEA,WAAS,WAAWA,YAAW,OAAO;AACpC,aAAS,oCAAoC,EAAE,OAAO,EAAE,WAAWA,YAAW,MAAa,EAAE,CAAC;AAAA,EAChG;AAEA,MAAI,CAAC,WAAW;AACd,WAAO,aAAa;AAAA,EACtB;AAEA,SACE,oCAAC,QAAK,OAAO,UAAU,QACrB,oCAAC,SAAI,WAAU,sBAAmB,6EAA2E,GAE7G,oCAAC,SAAI,WAAU,uCACb,oCAAC,SAAI,WAAU,mBACb,oCAAC,SAAI,WAAU,4BACb,oCAAC,SAAI,WAAU,gDACb,oCAAC,SAAI,WAAU,qBACb,oCAAC,WAAM,WAAU,yCACf,oCAAC,WAAM,WAAU,wEACf,oCAAC,YACE,CAAC,QAAQ,WAAW,QAAQ,EAAE,IAAI,CAAC,WAClC,oCAAC,QAAG,KAAK,QAAQ,OAAM,OAAM,WAAU,+CACpC,MACH,CACD,CACH,CACF,GACA,oCAAC,WAAM,WAAU,8BACd,UAAU,QAAQ,IAAI,CAAC,OAAO,UAC7B,oCAAC,QAAG,KAAK,OAAO,WAAU,uBACxB,oCAAC,QAAG,WAAU,6DAA2D,MAAM,IAAK,GACpF,oCAAC,QAAG,WAAU,8CAA4C,MAAM,aAAa,eAAe,GAAE,IAAE,GAChG,oCAAC,QAAG,WAAU,4CACZ;AAAA,IAAC;AAAA;AAAA,MACC,MAAK;AAAA,MACL,WAAU;AAAA,MACV,SAAS,MAAM,WAAW,WAAW,KAAK;AAAA;AAAA,IAE1C,oCAAC,eAAU;AAAA,IAAE;AAAA,EAEf,CACF,CACF,CACD,CACH,CACF,CACF,CACF,CACF,CACF,CACF,GAEA,oCAAC,UAAO,WAAU,aAAY,OAAM,gBAAe,SAAS,aAAa,CAC3E;AAEJ;AAEA,SAAS,eAAe;AACtB,SACE,oCAAC,QAAK,OAAM,qCACV,oCAAC,SAAI,WAAU,0CACb,oCAAC,SAAI,WAAU,yFAAwF,MAAK,WAC1G,oCAAC,SAAI,WAAU,UACb,oCAAC,SAAI,WAAU,UACb,oCAAC,SAAI,WAAU,kCACb,oCAAC,UAAK,WAAU,UACd,oCAAC,iBAAY,CACf,GAAO,2CAEP,oCAAC,UAAK,WAAU,kDACd,oCAAC,WAAQ,IAAG,gCAA6B,OAAK,CAChD,GAAO,8BAET,CACF,CACF,CACF,GAEA,oCAAC,aACC,oCAAC,cAAS,GACV,oCAAC,OAAE,WAAU,sNAAmN,sNAGhO,GACA,oCAAC,SAAI,KAAI,sBAAqB,WAAU,8DAA6D,GACrG,oCAAC,OAAE,WAAU,qBAAkB,qRAG/B,GACA,oCAAC,OAAE,WAAU,qBAAkB,wZAI/B,GACA,oCAAC,OAAE,WAAU,qBAAkB,ybAI/B,GACA,oCAAC,SAAI,WAAU,uCACb,oCAAC,SAAI,WAAU,mBACb,oCAAC,SAAI,WAAU,4BACb,oCAAC,SAAI,WAAU,gDACb,oCAAC,SAAI,WAAU,qBACb,oCAAC,WAAM,WAAU,yCACf,oCAAC,WAAM,WAAU,wEACf,oCAAC,YACE,CAAC,QAAQ,UAAU,SAAS,eAAe,EAAE,IAAI,CAAC,WACjD,oCAAC,QAAG,KAAK,QAAQ,OAAM,OAAM,WAAU,+CACpC,MACH,CACD,CACH,CACF,GACA,oCAAC,WAAM,WAAU,8BACf,oCAAC,YACC,oCAAC,QAAG,WAAU,6DAA0D,MAAI,GAC5E,oCAAC,QAAG,WAAU,iDAA8C,MAAI,GAChE,oCAAC,QAAG,WAAU,iDAA8C,OAAK,GACjE,oCAAC,QAAG,WAAU,iDAA8C,MAAI,CAClE,GACA,oCAAC,YACC,oCAAC,QAAG,WAAU,6DAA0D,MAAI,GAC5E,oCAAC,QAAG,WAAU,iDAA8C,OAAK,GACjE,oCAAC,QAAG,WAAU,iDAA8C,OAAK,GACjE,oCAAC,QAAG,WAAU,iDAA8C,MAAI,CAClE,GACA,oCAAC,YACC,oCAAC,QAAG,WAAU,6DAA0D,MAAI,GAC5E,oCAAC,QAAG,WAAU,iDAA8C,OAAK,GACjE,oCAAC,QAAG,WAAU,iDAA8C,OAAK,GACjE,oCAAC,QAAG,WAAU,iDAA8C,MAAI,CAClE,CACF,CACF,CACF,CACF,CACF,CACF,CACF,GACA,oCAAC,SAAI,WAAU,UACb,oCAAC,QAAG,WAAU,yDAAsD,wBAAsB,GAC1F,oCAAC,OAAE,WAAU,sNAAmN,8YAIhO,CACF,CACF,CACF,CACF;AAEJ;AAEA,SAAS,WAAW;AAClB,SACE,oCAAC,OAAE,WAAU,qBACX,oCAAC,UAAK,WAAU,+DAA4D,UAAQ,GACpF,oCAAC,UAAK,WAAU,6CACd,oCAAC,OAAE,MAAK,sBAAmB,cAAY,CACzC,GACC,IACH;AAEJ;","names":["franchise"]},"_coverageSchema":"1a1c01bbd47fc00a2c39e90264f33305004495a9","hash":"3339bf6c3bc42b7d30ce073229b2be9f4afb1f31"},"C:/Users/allis/cs329/jwt-pizza/src/views/history.jsx":{"path":"C:/Users/allis/cs329/jwt-pizza/src/views/history.jsx","statementMap":{"0":{"start":{"line":4,"column":2},"end":{"line":4,"column":2106}}},"fnMap":{"0":{"name":"History","decl":{"start":{"line":3,"column":24},"end":{"line":3,"column":31}},"loc":{"start":{"line":3,"column":34},"end":{"line":5,"column":1}},"line":3}},"branchMap":{},"s":{"0":0},"f":{"0":0},"b":{},"inputSourceMap":{"version":3,"sources":["C:/Users/allis/cs329/jwt-pizza/src/views/history.jsx"],"mappings":"AAAA,OAAO,WAAW;AAClB,OAAO,UAAU;AAEjB,wBAAwB,UAAU;AAChC,SACE,oCAAC,QAAK,OAAM,uBACV,oCAAC,SAAI,WAAU,2DACb,oCAAC,SAAI,KAAI,iBAAgB,WAAU,wBAAuB,GAC1D,oCAAC,aAAI,uNAGH,oCAAC,OAAE,WAAU,UAAO,uZAIpB,GACA,oCAAC,OAAE,WAAU,UAAO,qKAAmK,GACvL,oCAAC,OAAE,WAAU,UAAO,6XAIpB,GACA,oCAAC,OAAE,WAAU,UAAO,4TAGpB,CACF,CACF,CACF;AAEJ;","names":[]},"_coverageSchema":"1a1c01bbd47fc00a2c39e90264f33305004495a9","hash":"27e5b7639442df124076162f977f39922da0c9be"},"C:/Users/allis/cs329/jwt-pizza/src/views/notFound.jsx":{"path":"C:/Users/allis/cs329/jwt-pizza/src/views/notFound.jsx","statementMap":{"0":{"start":{"line":4,"column":2},"end":{"line":4,"column":266}}},"fnMap":{"0":{"name":"NotFound","decl":{"start":{"line":3,"column":24},"end":{"line":3,"column":32}},"loc":{"start":{"line":3,"column":35},"end":{"line":5,"column":1}},"line":3}},"branchMap":{},"s":{"0":0},"f":{"0":0},"b":{},"inputSourceMap":{"version":3,"sources":["C:/Users/allis/cs329/jwt-pizza/src/views/notFound.jsx"],"mappings":"AAAA,OAAO,WAAW;AAClB,OAAO,UAAU;AAEjB,wBAAwB,WAAW;AACjC,SACE,oCAAC,QAAK,OAAM,UACV,oCAAC,SAAI,WAAU,2DAAwD,8EAA4E,CACrJ;AAEJ;","names":[]},"_coverageSchema":"1a1c01bbd47fc00a2c39e90264f33305004495a9","hash":"0f2dcd4b611bd7b5097737c64919f5f5af8397ea"},"C:/Users/allis/cs329/jwt-pizza/src/service/pizzaService.ts":{"path":"C:/Users/allis/cs329/jwt-pizza/src/service/pizzaService.ts","statementMap":{"0":{"start":{"line":1,"column":27},"end":{"line":6,"column":14}},"1":{"start":{"line":2,"column":2},"end":{"line":2,"column":27}},"2":{"start":{"line":3,"column":2},"end":{"line":3,"column":37}},"3":{"start":{"line":4,"column":2},"end":{"line":4,"column":27}},"4":{"start":{"line":5,"column":2},"end":{"line":5,"column":15}},"5":{"start":{"line":7,"column":0},"end":{"line":12,"column":24}},"6":{"start":{"line":9,"column":4},"end":{"line":9,"column":69}},"7":{"start":{"line":9,"column":52},"end":{"line":9,"column":67}},"8":{"start":{"line":11,"column":2},"end":{"line":11,"column":24}}},"fnMap":{"0":{"name":"(anonymous_0)","decl":{"start":{"line":1,"column":28},"end":{"line":1,"column":29}},"loc":{"start":{"line":1,"column":39},"end":{"line":6,"column":1}},"line":1},"1":{"name":"(anonymous_1)","decl":{"start":{"line":7,"column":1},"end":{"line":7,"column":2}},"loc":{"start":{"line":7,"column":12},"end":{"line":12,"column":1}},"line":7},"2":{"name":"isRole","decl":{"start":{"line":8,"column":11},"end":{"line":8,"column":17}},"loc":{"start":{"line":8,"column":30},"end":{"line":10,"column":3}},"line":8},"3":{"name":"(anonymous_3)","decl":{"start":{"line":9,"column":45},"end":{"line":9,"column":46}},"loc":{"start":{"line":9,"column":52},"end":{"line":9,"column":67}},"line":9}},"branchMap":{"0":{"loc":{"start":{"line":6,"column":3},"end":{"line":6,"column":13}},"type":"binary-expr","locations":[{"start":{"line":6,"column":3},"end":{"line":6,"column":7}},{"start":{"line":6,"column":11},"end":{"line":6,"column":13}}],"line":6},"1":{"loc":{"start":{"line":9,"column":11},"end":{"line":9,"column":68}},"type":"binary-expr","locations":[{"start":{"line":9,"column":11},"end":{"line":9,"column":23}},{"start":{"line":9,"column":27},"end":{"line":9,"column":68}}],"line":9},"2":{"loc":{"start":{"line":12,"column":3},"end":{"line":12,"column":22}},"type":"binary-expr","locations":[{"start":{"line":12,"column":3},"end":{"line":12,"column":7}},{"start":{"line":12,"column":12},"end":{"line":12,"column":21}}],"line":12}},"s":{"0":1,"1":1,"2":1,"3":1,"4":1,"5":1,"6":10,"7":4,"8":1},"f":{"0":1,"1":1,"2":10,"3":4},"b":{"0":[1,1],"1":[10,4],"2":[1,0]},"inputSourceMap":{"version":3,"sources":["C:/Users/allis/cs329/jwt-pizza/src/service/pizzaService.ts"],"mappings":"AAAA,IAAK,OAAL,kBAAKA,UAAL;AACE,EAAAA,MAAA,WAAQ;AACR,EAAAA,MAAA,gBAAa;AACb,EAAAA,MAAA,WAAQ;AAHL,SAAAA;AAAA,GAAA;AAAA,CAML,CAAUA,UAAV;AACS,WAAS,OAAO,MAAmB,MAAqB;AAC7D,WAAO,QAAQ,QAAQ,CAAC,CAAC,KAAK,MAAM,KAAK,CAAC,MAAM,EAAE,SAAS,IAAI;AAAA,EACjE;AAFO,EAAAA,MAAS;AAAA,GADR;AAgFV,SAAS;","names":["Role"]},"_coverageSchema":"1a1c01bbd47fc00a2c39e90264f33305004495a9","hash":"d2c3f11de8e4ea4c8e1748dbbfbd2479ba3fd880"},"C:/Users/allis/cs329/jwt-pizza/src/views/adminDashboard.jsx":{"path":"C:/Users/allis/cs329/jwt-pizza/src/views/adminDashboard.jsx","statementMap":{"0":{"start":{"line":10,"column":19},"end":{"line":10,"column":32}},"1":{"start":{"line":11,"column":38},"end":{"line":11,"column":56}},"2":{"start":{"line":12,"column":2},"end":{"line":16,"column":13}},"3":{"start":{"line":13,"column":4},"end":{"line":15,"column":9}},"4":{"start":{"line":14,"column":6},"end":{"line":14,"column":56}},"5":{"start":{"line":18,"column":4},"end":{"line":18,"column":50}},"6":{"start":{"line":21,"column":4},"end":{"line":21,"column":75}},"7":{"start":{"line":24,"column":4},"end":{"line":24,"column":78}},"8":{"start":{"line":26,"column":33},"end":{"line":26,"column":68}},"9":{"start":{"line":27,"column":2},"end":{"line":51,"column":3}},"10":{"start":{"line":28,"column":4},"end":{"line":50,"column":210}},"11":{"start":{"line":28,"column":1128},"end":{"line":28,"column":1248}},"12":{"start":{"line":29,"column":6},"end":{"line":49,"column":10}},"13":{"start":{"line":29,"column":516},"end":{"line":29,"column":522}},"14":{"start":{"line":34,"column":25},"end":{"line":34,"column":50}},"15":{"start":{"line":39,"column":8},"end":{"line":48,"column":12}},"16":{"start":{"line":44,"column":27},"end":{"line":44,"column":55}},"17":{"start":{"line":52,"column":2},"end":{"line":52,"column":18}}},"fnMap":{"0":{"name":"AdminDashboard","decl":{"start":{"line":9,"column":24},"end":{"line":9,"column":38}},"loc":{"start":{"line":9,"column":49},"end":{"line":53,"column":1}},"line":9},"1":{"name":"(anonymous_1)","decl":{"start":{"line":12,"column":18},"end":{"line":12,"column":19}},"loc":{"start":{"line":12,"column":24},"end":{"line":16,"column":3}},"line":12},"2":{"name":"(anonymous_2)","decl":{"start":{"line":13,"column":5},"end":{"line":13,"column":6}},"loc":{"start":{"line":13,"column":17},"end":{"line":15,"column":5}},"line":13},"3":{"name":"createFranchise","decl":{"start":{"line":17,"column":11},"end":{"line":17,"column":26}},"loc":{"start":{"line":17,"column":29},"end":{"line":19,"column":3}},"line":17},"4":{"name":"closeFranchise","decl":{"start":{"line":20,"column":11},"end":{"line":20,"column":25}},"loc":{"start":{"line":20,"column":37},"end":{"line":22,"column":3}},"line":20},"5":{"name":"closeStore","decl":{"start":{"line":23,"column":11},"end":{"line":23,"column":21}},"loc":{"start":{"line":23,"column":40},"end":{"line":25,"column":3}},"line":23},"6":{"name":"(anonymous_6)","decl":{"start":{"line":28,"column":1100},"end":{"line":28,"column":1101}},"loc":{"start":{"line":28,"column":1128},"end":{"line":28,"column":1248}},"line":28},"7":{"name":"(anonymous_7)","decl":{"start":{"line":28,"column":1268},"end":{"line":28,"column":1269}},"loc":{"start":{"line":28,"column":1291},"end":{"line":50,"column":5}},"line":28},"8":{"name":"(anonymous_8)","decl":{"start":{"line":29,"column":509},"end":{"line":29,"column":510}},"loc":{"start":{"line":29,"column":516},"end":{"line":29,"column":522}},"line":29},"9":{"name":"(anonymous_9)","decl":{"start":{"line":34,"column":19},"end":{"line":34,"column":20}},"loc":{"start":{"line":34,"column":25},"end":{"line":34,"column":50}},"line":34},"10":{"name":"(anonymous_10)","decl":{"start":{"line":38,"column":32},"end":{"line":38,"column":33}},"loc":{"start":{"line":38,"column":51},"end":{"line":49,"column":7}},"line":38},"11":{"name":"(anonymous_11)","decl":{"start":{"line":44,"column":21},"end":{"line":44,"column":22}},"loc":{"start":{"line":44,"column":27},"end":{"line":44,"column":55}},"line":44}},"branchMap":{"0":{"loc":{"start":{"line":27,"column":2},"end":{"line":51,"column":3}},"type":"if","locations":[{"start":{"line":27,"column":2},"end":{"line":51,"column":3}},{"start":{},"end":{}}],"line":27}},"s":{"0":0,"1":0,"2":0,"3":0,"4":0,"5":0,"6":0,"7":0,"8":0,"9":0,"10":0,"11":0,"12":0,"13":0,"14":0,"15":0,"16":0,"17":0},"f":{"0":0,"1":0,"2":0,"3":0,"4":0,"5":0,"6":0,"7":0,"8":0,"9":0,"10":0,"11":0},"b":{"0":[0,0]},"inputSourceMap":{"version":3,"sources":["C:/Users/allis/cs329/jwt-pizza/src/views/adminDashboard.jsx"],"mappings":"AAAA,OAAO,WAAW;AAClB,OAAO,UAAU;AACjB,SAAS,mBAAmB;AAC5B,OAAO,cAAc;AACrB,OAAO,YAAY;AACnB,SAAS,oBAAoB;AAC7B,SAAS,YAAY;AACrB,SAAS,iBAAiB;AAE1B,wBAAwB,eAAe,EAAE,KAAK,GAAG;AAC/C,QAAM,WAAW,YAAY;AAC7B,QAAM,CAAC,YAAY,aAAa,IAAI,MAAM,SAAS,CAAC,CAAC;AAErD,QAAM,UAAU,MAAM;AACpB,KAAC,YAAY;AACX,oBAAc,MAAM,aAAa,cAAc,CAAC;AAAA,IAClD,GAAG;AAAA,EACL,GAAG,CAAC,IAAI,CAAC;AAET,WAAS,kBAAkB;AACzB,aAAS,mCAAmC;AAAA,EAC9C;AAEA,WAAS,eAAe,WAAW;AACjC,aAAS,oCAAoC,EAAE,OAAO,EAAE,UAAqB,EAAE,CAAC;AAAA,EAClF;AAEA,WAAS,WAAW,WAAW,OAAO;AACpC,aAAS,gCAAgC,EAAE,OAAO,EAAE,WAAsB,MAAa,EAAE,CAAC;AAAA,EAC5F;AAEA,MAAI,WAAW,oCAAC,cAAS;AACzB,MAAI,KAAK,OAAO,MAAM,KAAK,KAAK,GAAG;AACjC,eACE,oCAAC,QAAK,OAAM,0BACV,oCAAC,SAAI,WAAU,0CACb,oCAAC,SAAI,WAAU,sBAAmB,uDAAqD,GAEvF,oCAAC,SAAI,WAAU,uCACb,oCAAC,SAAI,WAAU,mBACb,oCAAC,SAAI,WAAU,4BACb,oCAAC,SAAI,WAAU,gDACb,oCAAC,SAAI,WAAU,qBACb,oCAAC,WAAM,WAAU,yCACf,oCAAC,WAAM,WAAU,wEACf,oCAAC,YACE,CAAC,aAAa,cAAc,SAAS,WAAW,QAAQ,EAAE,IAAI,CAAC,WAC9D,oCAAC,QAAG,KAAK,QAAQ,OAAM,OAAM,WAAU,+CACpC,MACH,CACD,CACH,CACF,GACC,WAAW,IAAI,CAAC,WAAW,WAAW;AACrC,aACE,oCAAC,WAAM,KAAK,QAAQ,WAAU,8BAC5B,oCAAC,QAAG,WAAU,mCACZ,oCAAC,QAAG,WAAU,wEAAsE,UAAU,IAAK,GACnG,oCAAC,QAAG,WAAU,uEAAsE,SAAS,KAC1F,UAAU,OAAO,IAAI,CAAC,MAAM,EAAE,IAAI,EAAE,KAAK,IAA
[...]
AY;AACnB,SAAS,qBAAqB;AAE9B,wBAAwB,iBAAiB;AACvC,QAAM,QAAQ,YAAY,EAAE;AAC5B,QAAM,uBAAuB,cAAc;AAE3C,iBAAe,QAAQ;AACrB,UAAM,aAAa,eAAe,MAAM,SAAS;AACjD,yBAAqB;AAAA,EACvB;AAEA,SACE,oCAAC,QAAK,OAAM,yBACV,oCAAC,SAAI,WAAU,0CACb,oCAAC,SAAI,WAAU,sBAAmB,uCACG,oCAAC,UAAK,WAAU,qBAAmB,MAAM,UAAU,IAAK,GAAO,yHAEpG,GACA,oCAAC,UAAO,OAAM,SAAQ,SAAS,OAAO,GACtC,oCAAC,UAAO,OAAM,UAAS,SAAS,sBAAsB,WAAU,qCAAoC,CACtG,CACF;AAEJ;","names":[]},"_coverageSchema":"1a1c01bbd47fc00a2c39e90264f33305004495a9","hash":"2c641b8da702d903b3d8229f08b4b89682e241dd"},"C:/Users/allis/cs329/jwt-pizza/src/views/closeStore.jsx":{"path":"C:/Users/allis/cs329/jwt-pizza/src/views/closeStore.jsx","statementMap":{"0":{"start":{"line":8,"column":16},"end":{"line":8,"column":35}},"1":{"start":{"line":9,"column":27},"end":{"line":9,"column":42}},"2":{"start":{"line":11,"column":4},"end":{"line":11,"column":64}},"3":{"start":{"line":12,"column":4},"end":{"line":12,"column":23}},"4":{"start":{"line":14,"column":2},"end":{"line":14,"column":810}}},"fnMap":{"0":{"name":"CloseStore","decl":{"start":{"line":7,"column":24},"end":{"line":7,"column":34}},"loc":{"start":{"line":7,"column":37},"end":{"line":15,"column":1}},"line":7},"1":{"name":"close","decl":{"start":{"line":10,"column":17},"end":{"line":10,"column":22}},"loc":{"start":{"line":10,"column":25},"end":{"line":13,"column":3}},"line":10}},"branchMap":{},"s":{"0":0,"1":0,"2":0,"3":0,"4":0},"f":{"0":0,"1":0},"b":{},"inputSourceMap":{"version":3,"sources":["C:/Users/allis/cs329/jwt-pizza/src/views/closeStore.jsx"],"mappings":"AAAA,OAAO,WAAW;AAClB,SAAS,mBAAmB;AAC5B,SAAS,qBAAqB;AAC9B,SAAS,oBAAoB;AAC7B,OAAO,UAAU;AACjB,OAAO,YAAY;AAEnB,wBAAwB,aAAa;AACnC,QAAM,QAAQ,YAAY,EAAE;AAC5B,QAAM,mBAAmB,cAAc;AAEvC,iBAAe,QAAQ;AACrB,UAAM,aAAa,WAAW,MAAM,WAAW,MAAM,KAAK;AAC1D,qBAAiB;AAAA,EACnB;AAEA,SACE,oCAAC,QAAK,OAAM,yBACV,oCAAC,SAAI,WAAU,0CACb,oCAAC,SAAI,WAAU,sBAAmB,uCACG,oCAAC,UAAK,WAAU,qBAAmB,MAAM,UAAU,IAAK,GAAO,WAAO,oCAAC,UAAK,WAAU,qBAAmB,MAAM,MAAM,IAAK,GAAO,2EAEtK,GACA,oCAAC,UAAO,OAAM,SAAQ,SAAS,OAAO,GACtC,oCAAC,UAAO,OAAM,UAAS,SAAS,kBAAkB,WAAU,qCAAoC,CAClG,CACF;AAEJ;","names":[]},"_coverageSchema":"1a1c01bbd47fc00a2c39e90264f33305004495a9","hash":"4dff4300154366fafea85634f4da94d77bc47654"},"C:/Users/allis/cs329/jwt-pizza/src/views/payment.jsx":{"path":"C:/Users/allis/cs329/jwt-pizza/src/views/payment.jsx","statementMap":{"0":{"start":{"line":7,"column":40},"end":{"line":7,"column":58}},"1":{"start":{"line":8,"column":19},"end":{"line":8,"column":32}},"2":{"start":{"line":9,"column":16},"end":{"line":9,"column":54}},"3":{"start":{"line":10,"column":19},"end":{"line":10,"column":32}},"4":{"start":{"line":11,"column":2},"end":{"line":19,"column":9}},"5":{"start":{"line":12,"column":4},"end":{"line":18,"column":9}},"6":{"start":{"line":13,"column":19},"end":{"line":13,"column":47}},"7":{"start":{"line":14,"column":6},"end":{"line":17,"column":7}},"8":{"start":{"line":15,"column":26},"end":{"line":15,"column":54}},"9":{"start":{"line":16,"column":8},"end":{"line":16,"column":55}},"10":{"start":{"line":21,"column":4},"end":{"line":26,"column":5}},"11":{"start":{"line":22,"column":27},"end":{"line":22,"column":58}},"12":{"start":{"line":23,"column":6},"end":{"line":23,"column":93}},"13":{"start":{"line":25,"column":6},"end":{"line":25,"column":35}},"14":{"start":{"line":29,"column":4},"end":{"line":29,"column":44}},"15":{"start":{"line":31,"column":2},"end":{"line":31,"column":3018}},"16":{"start":{"line":31,"column":2096},"end":{"line":31,"column":2500}},"17":{"start":{"line":31,"column":2968},"end":{"line":31,"column":2979}}},"fnMap":{"0":{"name":"Payment","decl":{"start":{"line":6,"column":24},"end":{"line":6,"column":31}},"loc":{"start":{"line":6,"column":34},"end":{"line":32,"column":1}},"line":6},"1":{"name":"(anonymous_1)","decl":{"start":{"line":11,"column":18},"end":{"line":11,"column":19}},"loc":{"start":{"line":11,"column":24},"end":{"line":19,"column":3}},"line":11},"2":{"name":"(anonymous_2)","decl":{"start":{"line":12,"column":5},"end":{"line":12,"column":6}},"loc":{"start":{"line":12,"column":17},"end":{"line":18,"column":5}},"line":12},"3":{"name":"processPayment","decl":{"start":{"line":20,"column":17},"end":{"line":20,"column":31}},"loc":{"start":{"line":20,"column":34},"end":{"line":27,"column":3}},"line":20},"4":{"name":"cancel","decl":{"start":{"line":28,"column":11},"end":{"line":28,"column":17}},"loc":{"start":{"line":28,"column":20},"end":{"line":30,"column":3}},"line":28},"5":{"name":"(anonymous_5)","decl":{"start":{"line":31,"column":2063},"end":{"line":31,"column":2064}},"loc":{"start":{"line":31,"column":2096},"end":{"line":31,"column":2500}},"line":31},"6":{"name":"(anonymous_6)","decl":{"start":{"line":31,"column":2958},"end":{"line":31,"column":2959}},"loc":{"start":{"line":31,"column":2968},"end":{"line":31,"column":2979}},"line":31}},"branchMap":{"0":{"loc":{"start":{"line":9,"column":16},"end":{"line":9,"column":54}},"type":"binary-expr","locations":[{"start":{"line":9,"column":16},"end":{"line":9,"column":37}},{"start":{"line":9,"column":41},"end":{"line":9,"column":54}}],"line":9},"1":{"loc":{"start":{"line":14,"column":6},"end":{"line":17,"column":7}},"type":"if","locations":[{"start":{"line":14,"column":6},"end":{"line":17,"column":7}},{"start":{},"end":{}}],"line":14},"2":{"loc":{"start":{"line":31,"column":206},"end":{"line":31,"column":344}},"type":"binary-expr","locations":[{"start":{"line":31,"column":206},"end":{"line":31,"column":216}},{"start":{"line":31,"column":236},"end":{"line":31,"column":344}}],"line":31},"3":{"loc":{"start":{"line":31,"column":346},"end":{"line":31,"column":515}},"type":"binary-expr","locations":[{"start":{"line":31,"column":346},"end":{"line":31,"column":357}},{"start":{"line":31,"column":361},"end":{"line":31,"column":385}},{"start":{"line":31,"column":405},"end":{"line":31,"column":515}}],"line":31},"4":{"loc":{"start":{"line":31,"column":517},"end":{"line":31,"column":710}},"type":"binary-expr","locations":[{"start":{"line":31,"column":517},"end":{"line":31,"column":528}},{"start":{"line":31,"column":532},"end":{"line":31,"column":554}},{"start":{"line":31,"column":574},"end":{"line":31,"column":710}}],"line":31},"5":{"loc":{"start":{"line":31,"column":2793},"end":{"line":31,"column":2826}},"type":"cond-expr","locations":[{"start":{"line":31,"column":2818},"end":{"line":31,"column":2821}},{"start":{"line":31,"column":2824},"end":{"line":31,"column":2826}}],"line":31}},"s":{"0":0,"1":0,"2":0,"3":0,"4":0,"5":0,"6":0,"7":0,"8":0,"9":0,"10":0,"11":0,"12":0,"13":0,"14":0,"15":0,"16":0,"17":0},"f":{"0":0,"1":0,"2":0,"3":0,"4":0,"5":0,"6":0},"b":{"0":[0,0],"1":[0,0],"2":[0,0],"3":[0,0,0],"4":[0,0,0],"5":[0,0]},"inputSourceMap":{"version":3,"sources":["C:/Users/allis/cs329/jwt-pizza/src/views/payment.jsx"],"mappings":"AAAA,OAAO,WAAW;AAClB,SAAS,aAAa,mBAAmB;AACzC,OAAO,UAAU;AACjB,OAAO,YAAY;AACnB,SAAS,oBAAoB;AAE7B,wBAAwB,UAAU;AAChC,QAAM,CAAC,YAAY,eAAe,IAAI,MAAM,SAAS,EAAE;AACvD,QAAM,WAAW,YAAY;AAC7B,QAAM,QAAQ,SAAS,OAAO,SAAS,EAAE,OAAO,CAAC,EAAE;AACnD,QAAM,WAAW,YAAY;AAE7B,QAAM,UAAU,MAAM;AACpB,KAAC,YAAY;AACX,YAAM,OAAO,MAAM,aAAa,QAAQ;AACxC,UAAI,CAAC,MAAM;AACT,cAAM,YAAY,SAAS,WAAW;AACtC,iBAAS,WAAW,EAAE,OAAO,SAAS,MAAM,CAAC;AAAA,MAC/C;AAAA,IACF,GAAG;AAAA,EACL,GAAG,CAAC,CAAC;AAEL,iBAAe,iBAAiB;AAC9B,QAAI;AACF,YAAM,eAAe,MAAM,aAAa,MAAM,KAAK;AACnD,eAAS,aAAa,EAAE,OAAO,EAAE,OAAO,aAAa,OAAO,KAAK,aAAa,IAAI,EAAE,CAAC;AAAA,IACvF,SAAS,KAAK;AACZ,sBAAgB,IAAI,OAAO;AAAA,IAC7B;AAAA,EACF;AAEA,WAAS,SAAS;AAChB,aAAS,SAAS,EAAE,OAAO,EAAE,MAAa,EAAE,CAAC;AAAA,EAC/C;AAEA,SACE,oCAAC,QAAK,OAAM,iBACV,oCAAC,SAAI,WAAU,yEACZ,cAAc,oCAAC,SAAI,WAAU,kDAA+C,OAAI,UAAW,GAC3F,CAAC,cAAc,MAAM,MAAM,WAAW,KAAK,oCAAC,SAAI,WAAU,sCAAmC,+BAA6B,GAC1H,CAAC,cAAc,MAAM,MAAM,SAAS,KAAK,oCAAC,SAAI,WAAU,qCAAkC,kBAAe,MAAM,MAAM,QAAO,oBAAkB,GAC/I,oCAAC,aACC,oCAAC,UAAO,OAAM,WAAU,SAAS,gBAAgB,GACjD,oCAAC,UAAO,OAAM,UAAS,SAAS,QAAQ,WAAU,qCAAoC,CACxF,GACA,oCAAC,SAAI,WAAU,uCACb,oCAAC,SAAI,WAAU,mBACb,oCAAC,SAAI,WAAU,4BACb,oCAAC,SAAI,WAAU,gDACb,oCAAC,SAAI,WAAU,qBACb,oCAAC,WAAM,WAAU,yCACf,oCAAC,WAAM,WAAU,8DACf,oCAAC,YACC,oCAAC,QAAG,OAAM,OAAM,WAAU,yDAAsD,KAEhF,GACA,oCAAC,QAAG,OAAM,OAAM,WAAU,yDAAsD,OAEhF,CACF,CACF,GACA,oCAAC,WAAM,WAAU,8BACd,MAAM,MAAM,IAAI,CAAC,MAAM,UACtB,oCAAC,QAAG,KAAK,OAAO,WAAU,uBACxB,oCAAC,QAAG,WAAU,yFAAuF,KAAK,WAAY,GACtH,oCAAC,QAAG,WAAU,6EAA2E,KAAK,MAAM,eAAe,GAAE,IAAE,CACzH,CACD,CACH,GACA,oCAAC,eACC,oCAAC,QAAG,WAAU,6CACZ,oCAAC,QAAG,WAAU,uDACX,MAAM,MAAM,QAAO,QAAK,MAAM,MAAM,SAAS,IAAI,MAAM,EAC1D,GACA,oCAAC,QAAG,WAAU,uDAAqD,MAAM,MAAM,OAAO,CAAC,GAAG,MAAM,IAAI,EAAE,OAAO,CAAC,EAAE,eAAe,GAAE,IAAE,CACrI,CACF,CACF,CACF,CACF,CACF,CACF,CACF,CACF,CACF;AAEJ;","names":[]},"_coverageSchema":"1a1c01bbd47fc00a2c39e90264f33305004495a9","hash":"21b9e8c3b16ff6ed9ec5328497ec69a97ba87c44"},"C:/Users/allis/cs329/jwt-pizza/src/views/docs.jsx":{"path":"C:/Users/allis/cs329/jwt-pizza/src/views/docs.jsx","statementMap":{"0":{"start":{"line":5,"column":13},"end":{"line":8,"column":1}},"1":{"start":{"line":9,"column":13},"end":{"line":18,"column":1}},"2":{"start":{"line":10,"column":22},"end":{"line":10,"column":33}},"3":{"start":{"line":11,"column":26},"end":{"line":11,"column":59}},"4":{"start":{"line":12,"column":2},"end":{"line":16,"column":9}},"5":{"start":{"line":13,"column":4},"end":{"line":15,"column":9}},"6":{"start":{"line":14,"column":6},"end":{"line":14,"column":48}},"7":{"start":{"line":17,"column":2},"end":{"line":17,"column":1560}},"8":{"start":{"line":17,"column":195},"end":{"line":17,"column":1215}},"9":{"start":{"line":17,"column":1375},"end":{"line":17,"column":1556}}},"fnMap":{"0":{"name":"(anonymous_0)","decl":{"start":{"line":9,"column":13},"end":{"line":9,"column":14}},"loc":{"start":{"line":9,"column":19},"end":{"line":18,"column":1}},"line":9},"1":{"name":"(anonymous_1)","decl":{"start":{"line":12,"column":18},"end":{"line":12,"column":19}},"loc":{"start":{"line":12,"column":24},"end":{"line":16,"column":3}},"line":12},"2":{"name":"(anonymous_2)","decl":{"start":{"line":13,"column":5},"end":{"line":13,"column":6}},"loc":{"start":{"line":13,"column":17},"end":{"line":15,"column":5}},"line":13},"3":{"name":"(anonymous_3)","decl":{"start":{"line":17,"column":163},"end":{"line":17,"column":164}},"loc":{"start":{"line":17,"column":195},"end":{"line":17,"column":1215}},"line":17},"4":{"name":"(anonymous_4)","decl":{"start":{"line":17,"column":1343},"end":{"line":17,"column":1344}},"loc":{"start":{"line":17,"column":1375},"end":{"line":17,"column":1556}},"line":17}},"branchMap":{"0":{"loc":{"start":{"line":17,"column":392},"end":{"line":17,"column":467}},"type":"binary-expr","locations":[{"start":{"line":17,"column":392},"end":{"line":17,"column":408}},{"start":{"line":17,"column":428},"end":{"line":17,"column":467}}],"line":17}},"s":{"0":1,"1":1,"2":0,"3":0,"4":0,"5":0,"6":0,"7":0,"8":0,"9":0},"f":{"0":0,"1":0,"2":0,"3":0,"4":0},"b":{"0":[0,0]},"inputSourceMap":{"version":3,"sources":["C:/Users/allis/cs329/jwt-pizza/src/views/docs.jsx"],"mappings":"AAAA,OAAO,WAAW;AAClB,OAAO,UAAU;AACjB,SAAS,oBAAoB;AAC7B,SAAS,iBAAiB;AAE1B,MAAM,OAAO;AAAA,EACX,EAAE,MAAM,WAAW,KAAK,YAAY,IAAI,uBAAuB;AAAA,EAC/D,EAAE,MAAM,WAAW,KAAK,YAAY,IAAI,uBAAuB;AACjE;AAEA,MAAM,OAAO,MAAM;AACjB,QAAM,EAAE,QAAQ,IAAI,UAAU;AAC9B,QAAM,CAAC,MAAM,OAAO,IAAI,MAAM,SAAS,EAAE,WAAW,CAAC,EAAE,CAAC;AACxD,QAAM,UAAU,MAAM;AACpB,KAAC,YAAY;AACX,cAAQ,MAAM,aAAa,KAAK,OAAO,CAAC;AAAA,IAC1C,GAAG;AAAA,EACL,GAAG,CAAC,CAAC;AAEL,SACE,oCAAC,QAAK,OAAM,mBACV,oCAAC,SAAI,WAAU,SACZ,KAAK,UAAU,IAAI,CAAC,KAAK,UACxB,oCAAC,SAAI,KAAK,OAAO,WAAU,oDACzB,oCAAC,QAAG,WAAU,sCACX,IAAI,gBAAgB,oCAAC,cAAK,IAAE,GAAQ,MAAG,IAAI,QAAO,MAAG,IAAI,IAC5D,GACA,oCAAC,WAAG,IAAI,WAAY,GAEpB,oCAAC,SAAI,WAAU,0BACb,oCAAC,WAAM,WAAU,eAAY,iBAAe,GAC5C,oCAAC,SAAI,WAAU,oEAAkE,IAAI,OAAQ,CAC/F,GACA,oCAAC,SAAI,WAAU,0BACb,oCAAC,WAAM,WAAU,eAAY,UAAQ,GACrC,oCAAC,SAAI,WAAU,oEAAkE,KAAK,UAAU,IAAI,UAAU,MAAM,CAAC,CAAE,CACzH,CACF,CACD,CACH,GACA,oCAAC,SAAI,WAAU,2DACZ,KAAK,IAAI,CAAC,KAAK,UACd,oCAAC,SAAI,KAAK,SACP,IAAI,MAAK,MACV,oCAAC,OAAE,WAAU,0CAAyC,MAAM,IAAI,OAC7D,IAAI,GACP,CACF,CACD,CACH,CACF;AAEJ;AAEA,eAAe;","names":[]},"_coverageSchema":"1a1c01bbd47fc00a2c39e90264f33305004495a9","hash":"7fead984c8aec5e2b444b0bdb1ebfe870470df97"},"C:/Users/allis/cs329/jwt-pizza/src/components/breadcrumb.jsx":{"path":"C:/Users/allis/cs329/jwt-pizza/src/components/breadcrumb.jsx","statementMap":{"0":{"start":{"line":5,"column":20},"end":{"line":5,"column":22}},"1":{"start":{"line":6,"column":16},"end":{"line":9,"column":4}},"2":{"start":{"line":7,"column":4},"end":{"line":7,"column":30}},"3":{"start":{"line":8,"column":4},"end":{"line":8,"column":422}},"4":{"start":{"line":10,"column":2},"end":{"line":10,"column":534}}},"fnMap":{"0":{"name":"Breadcrumb","decl":{"start":{"line":4,"column":24},"end":{"line":4,"column":34}},"loc":{"start":{"line":4,"column":49},"end":{"line":11,"column":1}},"line":4},"1":{"name":"(anonymous_1)","decl":{"start":{"line":6,"column":40},"end":{"line":6,"column":41}},"loc":{"start":{"line":6,"column":50},"end":{"line":9,"column":3}},"line":6}},"branchMap":{"0":{"loc":{"start":{"line":10,"column":515},"end":{"line":10,"column":532}},"type":"binary-expr","locations":[{"start":{"line":10,"column":515},"end":{"line":10,"column":523}},{"start":{"line":10,"column":527},"end":{"line":10,"column":532}}],"line":10}},"s":{"0":5,"1":5,"2":5,"3":5,"4":5},"f":{"0":5,"1":5},"b":{"0":[5,2]},"inputSourceMap":{"version":3,"sources":["C:/Users/allis/cs329/jwt-pizza/src/components/breadcrumb.jsx"],"mappings":"AAAA,OAAO,WAAW;AAClB,SAAS,eAAe;AACxB,SAAS,WAAW,uBAAuB;AAE3C,wBAAwB,WAAW,EAAE,SAAS,GAAG;AAC/C,MAAI,cAAc;AAClB,QAAM,QAAQ,SAAS,MAAM,GAAG,EAAE,IAAI,CAAC,SAAS;AAC9C,mBAAe,MAAM;AACrB,WACE,oCAAC,QAAG,KAAK,MAAM,WAAU,yEAAwE,gBAAa,UAC5G,oCAAC,qBAAgB,GAEjB,oCAAC,WAAQ,WAAU,sGAAqG,IAAI,eACzH,IACH,CACF;AAAA,EAEJ,CAAC;AACD,SACE,oCAAC,QAAG,WAAU,+DACZ,oCAAC,QAAG,WAAU,8BACZ,oCAAC,WAAQ,WAAU,sGAAqG,IAAG,OACzH,oCAAC,UAAK,WAAU,UACd,oCAAC,eAAU,CACb,GAAO,MAET,CACF,GACC,YAAY,KACf;AAEJ;","names":[]},"_coverageSchema":"1a1c01bbd47fc00a2c39e90264f33305004495a9","hash":"132c28caf3728d7f4b8373a499dca0b396d3303b"},"C:/Users/allis/cs329/jwt-pizza/src/app/app.jsx":{"path":"C:/Users/allis/cs329/jwt-pizza/src/app/app.jsx","statementMap":{"0":{"start":{"line":29,"column":26},"end":{"line":29,"column":46}},"1":{"start":{"line":30,"column":19},"end":{"line":30,"column":32}},"2":{"start":{"line":31,"column":2},"end":{"line":36,"column":9}},"3":{"start":{"line":32,"column":4},"end":{"line":35,"column":9}},"4":{"start":{"line":33,"column":20},"end":{"line":33,"column":48}},"5":{"start":{"line":34,"column":6},"end":{"line":34,"column":21}},"6":{"start":{"line":37,"column":2},"end":{"line":40,"column":26}},"7":{"start":{"line":38,"column":4},"end":{"line":38,"column":38}},"8":{"start":{"line":39,"column":4},"end":{"line":39,"column":26}},"9":{"start":{"line":42,"column":4},"end":{"line":42,"column":18}},"10":{"start":{"line":45,"column":4},"end":{"line":45,"column":23}},"11":{"start":{"line":48,"column":4},"end":{"line":48,"column":41}},"12":{"start":{"line":51,"column":4},"end":{"line":51,"column":22}},"13":{"start":{"line":53,"column":19},"end":{"line":72,"column":3}},"14":{"start":{"line":73,"column":2},"end":{"line":73,"column":589}},"15":{"start":{"line":73,"column":425},"end":{"line":73,"column":525}}},"fnMap":{"0":{"name":"App","decl":{"start":{"line":28,"column":24},"end":{"line":28,"column":27}},"loc":{"start":{"line":28,"column":30},"end":{"line":74,"column":1}},"line":28},"1":{"name":"(anonymous_1)","decl":{"start":{"line":31,"column":12},"end":{"line":31,"column":13}},"loc":{"start":{"line":31,"column":18},"end":{"line":36,"column":3}},"line":31},"2":{"name":"(anonymous_2)","decl":{"start":{"line":32,"column":5},"end":{"line":32,"column":6}},"loc":{"start":{"line":32,"column":17},"end":{"line":35,"column":5}},"line":32},"3":{"name":"(anonymous_3)","decl":{"start":{"line":37,"column":12},"end":{"line":37,"column":13}},"loc":{"start":{"line":37,"column":18},"end":{"line":40,"column":3}},"line":37},"4":{"name":"loggedIn","decl":{"start":{"line":41,"column":11},"end":{"line":41,"column":19}},"loc":{"start":{"line":41,"column":22},"end":{"line":43,"column":3}},"line":41},"5":{"name":"loggedOut","decl":{"start":{"line":44,"column":11},"end":{"line":44,"column":20}},"loc":{"start":{"line":44,"column":23},"end":{"line":46,"column":3}},"line":44},"6":{"name":"isAdmin","decl":{"start":{"line":47,"column":11},"end":{"line":47,"column":18}},"loc":{"start":{"line":47,"column":21},"end":{"line":49,"column":3}},"line":47},"7":{"name":"isNotAdmin","decl":{"start":{"line":50,"column":11},"end":{"line":50,"column":21}},"loc":{"start":{"line":50,"column":24},"end":{"line":52,"column":3}},"line":50},"8":{"name":"(anonymous_8)","decl":{"start":{"line":73,"column":399},"end":{"line":73,"column":400}},"loc":{"start":{"line":73,"column":425},"end":{"line":73,"column":525}},"line":73}},"branchMap":{},"s":{"0":6,"1":6,"2":6,"3":1,"4":1,"5":1,"6":6,"7":5,"8":5,"9":15,"10":10,"11":10,"12":5,"13":6,"14":6,"15":108},"f":{"0":6,"1":1,"2":1,"3":5,"4":15,"5":10,"6":10,"7":5,"8":108},"b":{},"inputSourceMap":{"version":3,"sources":["C:/Users/allis/cs329/jwt-pizza/src/app/app.jsx"],"mappings":"AAAA,OAAO,WAAW;AAClB,SAAS,iBAAiB;AAC1B,SAAS,aAAa,QAAQ,OAAO,eAAe;AACpD,OAAO,YAAY;AACnB,OAAO,YAAY;AACnB,OAAO,UAAU;AACjB,OAAO,WAAW;AAClB,OAAO,cAAc;AACrB,OAAO,WAAW;AAClB,OAAO,YAAY;AACnB,OAAO,UAAU;AACjB,OAAO,cAAc;AACrB,OAAO,wBAAwB;AAC/B,OAAO,aAAa;AACpB,OAAO,oBAAoB;AAC3B,OAAO,oBAAoB;AAC3B,OAAO,iBAAiB;AACxB,OAAO,qBAAqB;AAC5B,OAAO,oBAAoB;AAC3B,OAAO,gBAAgB;AACvB,OAAO,aAAa;AACpB,OAAO,cAAc;AACrB,OAAO,UAAU;AACjB,OAAO,gBAAgB;AACvB,SAAS,oBAAoB;AAC7B,SAAS,YAAY;AACrB,OAAO;AAEP,wBAAwB,MAAM;AAC5B,QAAM,CAAC,MAAM,OAAO,IAAI,MAAM,SAAS,IAAI;AAC3C,QAAM,WAAW,YAAY;AAE7B,YAAU,MAAM;AACd,KAAC,YAAY;AACX,YAAMA,QAAO,MAAM,aAAa,QAAQ;AACxC,cAAQA,KAAI;AAAA,IACd,GAAG;AAAA,EACL,GAAG,CAAC,CAAC;AAEL,YAAU,MAAM;AACd,WAAO,gBAAgB,SAAS;AAChC,WAAO,SAAS,GAAG,CAAC;AAAA,EACtB,GAAG,CAAC,SAAS,QAAQ,CAAC;AAEtB,WAAS,WAAW;AAClB,WAAO,CAAC,CAAC;AAAA,EACX;AACA,WAAS,YAAY;AACnB,WAAO,CAAC,SAAS;AAAA,EACnB;AACA,WAAS,UAAU;AACjB,WAAO,KAAK,OAAO,MAAM,KAAK,KAAK;AAAA,EACrC;AACA,WAAS,aAAa;AACpB,WAAO,CAAC,QAAQ;AAAA,EAClB;AAEA,QAAM,WAAW;AAAA,IACf,EAAE,OAAO,QAAQ,IAAI,KAAK,WAAW,oCAAC,UAAK,GAAI,SAAS,CAAC,EAAE;AAAA,IAC3D,EAAE,OAAO,SAAS,IAAI,oBAAoB,WAAW,oCAAC,kBAAe,MAAY,GAAI,SAAS,CAAC,EAAE;AAAA,IACjG,EAAE,OAAO,SAAS,IAAI,SAAS,WAAW,oCAAC,UAAK,GAAI,SAAS,CAAC,KAAK,EAAE;AAAA,IACrE,EAAE,OAAO,aAAa,IAAI,wBAAwB,WAAW,oCAAC,sBAAmB,MAAY,GAAI,aAAa,CAAC,UAAU,GAAG,SAAS,CAAC,OAAO,QAAQ,EAAE;AAAA,IACvJ,EAAE,OAAO,SAAS,IAAI,UAAU,WAAW,oCAAC,WAAM,GAAI,SAAS,CAAC,QAAQ,EAAE;AAAA,IAC1E,EAAE,OAAO,WAAW,IAAI,YAAY,WAAW,oCAAC,aAAQ,GAAI,SAAS,CAAC,QAAQ,EAAE;AAAA,IAChF,EAAE,OAAO,SAAS,IAAI,oBAAoB,WAAW,oCAAC,kBAAe,MAAY,GAAI,aAAa,CAAC,OAAO,GAAG,SAAS,CAAC,KAAK,EAAE;AAAA,IAC9H,EAAE,OAAO,oBAAoB,IAAI,+BAA+B,WAAW,oCAAC,qBAAgB,GAAI,SAAS,CAAC,EAAE;AAAA,IAC5G,EAAE,OAAO,mBAAmB,IAAI,8BAA8B,WAAW,oCAAC,oBAAe,GAAI,SAAS,CAAC,EAAE;AAAA,IACzG,EAAE,OAAO,gBAAgB,IAAI,2BAA2B,WAAW,oCAAC,iBAAY,GAAI,SAAS,CAAC,EAAE;AAAA,IAChG,EAAE,OAAO,eAAe,IAAI,0BAA0B,WAAW,oCAAC,gBAAW,GAAI,SAAS,CAAC,EAAE;AAAA,IAC7F,EAAE,OAAO,WAAW,IAAI,YAAY,WAAW,oCAAC,aAAQ,GAAI,SAAS,CAAC,EAAE;AAAA,IACxE,EAAE,OAAO,YAAY,IAAI,aAAa,WAAW,oCAAC,cAAS,GAAI,SAAS,CAAC,EAAE;AAAA,IAC3E,EAAE,OAAO,SAAS,IAAI,oBAAoB,WAAW,oCAAC,SAAM,SAAkB,GAAI,aAAa,CAAC,SAAS,GAAG,SAAS,CAAC,KAAK,EAAE;AAAA,IAC7H,EAAE,OAAO,YAAY,IAAI,uBAAuB,WAAW,oCAAC,YAAS,SAAkB,GAAI,aAAa,CAAC,SAAS,GAAG,SAAS,CAAC,KAAK,EAAE;AAAA,IACtI,EAAE,OAAO,UAAU,IAAI,qBAAqB,WAAW,oCAAC,UAAO,SAAkB,GAAI,aAAa,CAAC,QAAQ,GAAG,SAAS,CAAC,KAAK,EAAE;AAAA,IAC/H,EAAE,OAAO,QAAQ,IAAI,mBAAmB,WAAW,oCAAC,UAAK,GAAI,SAAS,CAAC,EAAE;AAAA,IACzE,EAAE,OAAO,QAAQ,IAAI,KAAK,WAAW,oCAAC,cAAS,GAAI,SAAS,CAAC,EAAE;AAAA,EACjE;AAEA,SACE,oCAAC,SAAI,WAAU,iBACb,oCAAC,UAAO,MAAY,WAAW,MAAM,WAAW,GAChD,oCAAC,cAAW,UAAU,SAAS,SAAS,QAAQ,KAAK,EAAE,GAAG,GAE1D,oCAAC,UAAK,WAAU,eACd,oCAAC,cACE,SAAS,IAAI,CAAC,SACb,oCAAC,SAAM,KAAK,KAAK,OAAO,MAAM,KAAK,IAAI,SAAS,KAAK,WAAW,OAAK,MAAC,CACvE,CACH,CACF,GAEA,oCAAC,UAAO,UAAoB,CAC9B;AAEJ;","names":["user"]},"_coverageSchema":"1a1c01bbd47fc00a2c39e90264f33305004495a9","hash":"5f9e2a4b9b7441acab6e732175f1c01a0c14e148"}}